ERROR - 2024-10-11 13:57:37 --> Error connecting to the database: mysqli_sql_exception: Access denied for user 'root'@'localhost' (using password: YES) in C:\dealsmandi\system\Database\MySQLi\Connection.php:187
Stack trace:
#0 C:\dealsmandi\system\Database\MySQLi\Connection.php(187): mysqli->real_connect('localhost', 'root', 'root', 'db_new', 3306, '', 0)
#1 C:\dealsmandi\system\Database\BaseConnection.php(421): CodeIgniter\Database\MySQLi\Connection->connect(false)
#2 C:\dealsmandi\system\Database\BaseConnection.php(616): CodeIgniter\Database\BaseConnection->initialize()
#3 C:\dealsmandi\app\Models\MainModel.php(120): CodeIgniter\Database\BaseConnection->query('SELECT * FROM c...')
#4 C:\dealsmandi\app\Controllers\Home.php(14): App\Models\MainModel->list_main_cat()
#5 C:\dealsmandi\system\CodeIgniter.php(933): App\Controllers\Home->index()
#6 C:\dealsmandi\system\CodeIgniter.php(509): CodeIgniter\CodeIgniter->runController(Object(App\Controllers\Home))
#7 C:\dealsmandi\system\CodeIgniter.php(355): CodeIgniter\CodeIgniter->handleRequest(NULL, Object(Config\Cache), false)
#8 C:\dealsmandi\system\Boot.php(325): CodeIgniter\CodeIgniter->run()
#9 C:\dealsmandi\system\Boot.php(67): CodeIgniter\Boot::runCodeIgniter(Object(CodeIgniter\CodeIgniter))
#10 C:\dealsmandi\public\index.php(57): CodeIgniter\Boot::bootWeb(Object(Config\Paths))
#11 C:\dealsmandi\system\rewrite.php(44): require_once('C:\\dealsmandi\\p...')
#12 {main}

Next CodeIgniter\Database\Exceptions\DatabaseException: Access denied for user '****'@'localhost' (using password: YES) in C:\dealsmandi\system\Database\MySQLi\Connection.php:231
Stack trace:
#0 C:\dealsmandi\system\Database\BaseConnection.php(421): CodeIgniter\Database\MySQLi\Connection->connect(false)
#1 C:\dealsmandi\system\Database\BaseConnection.php(616): CodeIgniter\Database\BaseConnection->initialize()
#2 C:\dealsmandi\app\Models\MainModel.php(120): CodeIgniter\Database\BaseConnection->query('SELECT * FROM c...')
#3 C:\dealsmandi\app\Controllers\Home.php(14): App\Models\MainModel->list_main_cat()
#4 C:\dealsmandi\system\CodeIgniter.php(933): App\Controllers\Home->index()
#5 C:\dealsmandi\system\CodeIgniter.php(509): CodeIgniter\CodeIgniter->runController(Object(App\Controllers\Home))
#6 C:\dealsmandi\system\CodeIgniter.php(355): CodeIgniter\CodeIgniter->handleRequest(NULL, Object(Config\Cache), false)
#7 C:\dealsmandi\system\Boot.php(325): CodeIgniter\CodeIgniter->run()
#8 C:\dealsmandi\system\Boot.php(67): CodeIgniter\Boot::runCodeIgniter(Object(CodeIgniter\CodeIgniter))
#9 C:\dealsmandi\public\index.php(57): CodeIgniter\Boot::bootWeb(Object(Config\Paths))
#10 C:\dealsmandi\system\rewrite.php(44): require_once('C:\\dealsmandi\\p...')
#11 {main}
CRITICAL - 2024-10-11 13:57:37 --> CodeIgniter\Database\Exceptions\DatabaseException: Unable to connect to the database.
Main connection [MySQLi]: Access denied for user '****'@'localhost' (using password: YES)
[Method: GET, Route: /]
in SYSTEMPATH\Database\BaseConnection.php on line 467.
 1 SYSTEMPATH\Database\BaseConnection.php(616): CodeIgniter\Database\BaseConnection->initialize()
 2 APPPATH\Models\MainModel.php(120): CodeIgniter\Database\BaseConnection->query('SELECT * FROM categories')
 3 APPPATH\Controllers\Home.php(14): App\Models\MainModel->list_main_cat()
 4 SYSTEMPATH\CodeIgniter.php(933): App\Controllers\Home->index()
 5 SYSTEMPATH\CodeIgniter.php(509): CodeIgniter\CodeIgniter->runController(Object(App\Controllers\Home))
 6 SYSTEMPATH\CodeIgniter.php(355): CodeIgniter\CodeIgniter->handleRequest(null, Object(Config\Cache), false)
 7 SYSTEMPATH\Boot.php(325): CodeIgniter\CodeIgniter->run()
 8 SYSTEMPATH\Boot.php(67): CodeIgniter\Boot::runCodeIgniter(Object(CodeIgniter\CodeIgniter))
 9 FCPATH\index.php(57): CodeIgniter\Boot::bootWeb(Object(Config\Paths))
10 SYSTEMPATH\rewrite.php(44): require_once('C:\\dealsmandi\\public\\index.php')
CRITICAL - 2024-10-11 13:58:59 --> CodeIgniter\Exceptions\ConfigException: Invalid DBDriver name: "mysql"
[Method: GET, Route: /]
in SYSTEMPATH\Database\Database.php on line 172.
 1 SYSTEMPATH\Database\Database.php(59): CodeIgniter\Database\Database->checkDbExtension('mysql')
 2 SYSTEMPATH\Database\Config.php(84): CodeIgniter\Database\Database->load([...], 'default')
 3 APPPATH\Models\MainModel.php(118): CodeIgniter\Database\Config::connect()
 4 APPPATH\Controllers\Home.php(14): App\Models\MainModel->list_main_cat()
 5 SYSTEMPATH\CodeIgniter.php(933): App\Controllers\Home->index()
 6 SYSTEMPATH\CodeIgniter.php(509): CodeIgniter\CodeIgniter->runController(Object(App\Controllers\Home))
 7 SYSTEMPATH\CodeIgniter.php(355): CodeIgniter\CodeIgniter->handleRequest(null, Object(Config\Cache), false)
 8 SYSTEMPATH\Boot.php(325): CodeIgniter\CodeIgniter->run()
 9 SYSTEMPATH\Boot.php(67): CodeIgniter\Boot::runCodeIgniter(Object(CodeIgniter\CodeIgniter))
10 FCPATH\index.php(57): CodeIgniter\Boot::bootWeb(Object(Config\Paths))
11 SYSTEMPATH\rewrite.php(44): require_once('C:\\dealsmandi\\public\\index.php')
