CRITICAL - 2024-10-19 10:05:33 --> ErrorException: Undefined variable $title
[Method: GET, Route: exchange-data/2]
in APPPATH\Views\category\index.php on line 6.
 1 APPPATH\Views\category\index.php(6): CodeIgniter\Debug\Exceptions->errorHandler(2, 'Undefined variable $title', 'C:\\laragon\\www\\dealsmandi\\app\\Views\\category\\index.php', 6)
 2 SYSTEMPATH\View\View.php(234): include('C:\\laragon\\www\\dealsmandi\\app\\Views\\category\\index.php')
 3 SYSTEMPATH\View\View.php(237): CodeIgniter\View\View->CodeIgniter\View\{closure}()
 4 SYSTEMPATH\View\View.php(250): CodeIgniter\View\View->render('category/index', [], true)
 5 SYSTEMPATH\Common.php(1171): CodeIgniter\View\View->render('category/post-form', [], true)
 6 APPPATH\Controllers\CategoryController.php(73): view('category/post-form')
 7 SYSTEMPATH\CodeIgniter.php(933): App\Controllers\CategoryController->exChange('2')
 8 SYSTEMPATH\CodeIgniter.php(509): CodeIgniter\CodeIgniter->runController(Object(App\Controllers\CategoryController))
 9 SYSTEMPATH\CodeIgniter.php(355): CodeIgniter\CodeIgniter->handleRequest(null, Object(Config\Cache), false)
10 SYSTEMPATH\Boot.php(325): CodeIgniter\CodeIgniter->run()
11 SYSTEMPATH\Boot.php(67): CodeIgniter\Boot::runCodeIgniter(Object(CodeIgniter\CodeIgniter))
12 FCPATH\index.php(56): CodeIgniter\Boot::bootWeb(Object(Config\Paths))
CRITICAL - 2024-10-19 10:18:34 --> Error: Attempt to assign property "" on array
[Method: GET, Route: exchange-data/1]
in APPPATH\Controllers\CategoryController.php on line 74.
 1 SYSTEMPATH\CodeIgniter.php(933): App\Controllers\CategoryController->exChange('1')
 2 SYSTEMPATH\CodeIgniter.php(509): CodeIgniter\CodeIgniter->runController(Object(App\Controllers\CategoryController))
 3 SYSTEMPATH\CodeIgniter.php(355): CodeIgniter\CodeIgniter->handleRequest(null, Object(Config\Cache), false)
 4 SYSTEMPATH\Boot.php(325): CodeIgniter\CodeIgniter->run()
 5 SYSTEMPATH\Boot.php(67): CodeIgniter\Boot::runCodeIgniter(Object(CodeIgniter\CodeIgniter))
 6 FCPATH\index.php(56): CodeIgniter\Boot::bootWeb(Object(Config\Paths))
CRITICAL - 2024-10-19 10:18:34 --> [Caused by] ErrorException: Undefined variable $title
in APPPATH\Controllers\CategoryController.php on line 74.
 1 APPPATH\Controllers\CategoryController.php(74): CodeIgniter\Debug\Exceptions->errorHandler(2, 'Undefined variable $title', 'C:\\laragon\\www\\dealsmandi\\app\\Controllers\\CategoryController.php', 74)
 2 SYSTEMPATH\CodeIgniter.php(933): App\Controllers\CategoryController->exChange('1')
 3 SYSTEMPATH\CodeIgniter.php(509): CodeIgniter\CodeIgniter->runController(Object(App\Controllers\CategoryController))
 4 SYSTEMPATH\CodeIgniter.php(355): CodeIgniter\CodeIgniter->handleRequest(null, Object(Config\Cache), false)
 5 SYSTEMPATH\Boot.php(325): CodeIgniter\CodeIgniter->run()
 6 SYSTEMPATH\Boot.php(67): CodeIgniter\Boot::runCodeIgniter(Object(CodeIgniter\CodeIgniter))
 7 FCPATH\index.php(56): CodeIgniter\Boot::bootWeb(Object(Config\Paths))
CRITICAL - 2024-10-19 10:29:10 --> ErrorException: Undefined array key "subcategory_id"
[Method: GET, Route: exchange-data/1]
in APPPATH\Controllers\CategoryController.php on line 73.
 1 APPPATH\Controllers\CategoryController.php(73): CodeIgniter\Debug\Exceptions->errorHandler(2, 'Undefined array key "subcategory_id"', 'C:\\laragon\\www\\dealsmandi\\app\\Controllers\\CategoryController.php', 73)
 2 SYSTEMPATH\CodeIgniter.php(933): App\Controllers\CategoryController->exChange('1')
 3 SYSTEMPATH\CodeIgniter.php(509): CodeIgniter\CodeIgniter->runController(Object(App\Controllers\CategoryController))
 4 SYSTEMPATH\CodeIgniter.php(355): CodeIgniter\CodeIgniter->handleRequest(null, Object(Config\Cache), false)
 5 SYSTEMPATH\Boot.php(325): CodeIgniter\CodeIgniter->run()
 6 SYSTEMPATH\Boot.php(67): CodeIgniter\Boot::runCodeIgniter(Object(CodeIgniter\CodeIgniter))
 7 FCPATH\index.php(56): CodeIgniter\Boot::bootWeb(Object(Config\Paths))
CRITICAL - 2024-10-19 10:29:43 --> ErrorException: Undefined array key "subcategory_id"
[Method: GET, Route: exchange-data/1]
in APPPATH\Controllers\CategoryController.php on line 73.
 1 APPPATH\Controllers\CategoryController.php(73): CodeIgniter\Debug\Exceptions->errorHandler(2, 'Undefined array key "subcategory_id"', 'C:\\laragon\\www\\dealsmandi\\app\\Controllers\\CategoryController.php', 73)
 2 SYSTEMPATH\CodeIgniter.php(933): App\Controllers\CategoryController->exChange('1')
 3 SYSTEMPATH\CodeIgniter.php(509): CodeIgniter\CodeIgniter->runController(Object(App\Controllers\CategoryController))
 4 SYSTEMPATH\CodeIgniter.php(355): CodeIgniter\CodeIgniter->handleRequest(null, Object(Config\Cache), false)
 5 SYSTEMPATH\Boot.php(325): CodeIgniter\CodeIgniter->run()
 6 SYSTEMPATH\Boot.php(67): CodeIgniter\Boot::runCodeIgniter(Object(CodeIgniter\CodeIgniter))
 7 FCPATH\index.php(56): CodeIgniter\Boot::bootWeb(Object(Config\Paths))
CRITICAL - 2024-10-19 10:29:54 --> ErrorException: Undefined array key "subcategory_id"
[Method: GET, Route: exchange-data/2]
in APPPATH\Controllers\CategoryController.php on line 73.
 1 APPPATH\Controllers\CategoryController.php(73): CodeIgniter\Debug\Exceptions->errorHandler(2, 'Undefined array key "subcategory_id"', 'C:\\laragon\\www\\dealsmandi\\app\\Controllers\\CategoryController.php', 73)
 2 SYSTEMPATH\CodeIgniter.php(933): App\Controllers\CategoryController->exChange('2')
 3 SYSTEMPATH\CodeIgniter.php(509): CodeIgniter\CodeIgniter->runController(Object(App\Controllers\CategoryController))
 4 SYSTEMPATH\CodeIgniter.php(355): CodeIgniter\CodeIgniter->handleRequest(null, Object(Config\Cache), false)
 5 SYSTEMPATH\Boot.php(325): CodeIgniter\CodeIgniter->run()
 6 SYSTEMPATH\Boot.php(67): CodeIgniter\Boot::runCodeIgniter(Object(CodeIgniter\CodeIgniter))
 7 FCPATH\index.php(56): CodeIgniter\Boot::bootWeb(Object(Config\Paths))
CRITICAL - 2024-10-19 10:32:17 --> Error: Call to a member function table() on null
[Method: GET, Route: exchange-data/2]
in APPPATH\Models\MainModel.php on line 141.
 1 APPPATH\Controllers\CategoryController.php(72): App\Models\MainModel->getsubChildCategory('2')
 2 SYSTEMPATH\CodeIgniter.php(933): App\Controllers\CategoryController->exChange('2')
 3 SYSTEMPATH\CodeIgniter.php(509): CodeIgniter\CodeIgniter->runController(Object(App\Controllers\CategoryController))
 4 SYSTEMPATH\CodeIgniter.php(355): CodeIgniter\CodeIgniter->handleRequest(null, Object(Config\Cache), false)
 5 SYSTEMPATH\Boot.php(325): CodeIgniter\CodeIgniter->run()
 6 SYSTEMPATH\Boot.php(67): CodeIgniter\Boot::runCodeIgniter(Object(CodeIgniter\CodeIgniter))
 7 FCPATH\index.php(56): CodeIgniter\Boot::bootWeb(Object(Config\Paths))
CRITICAL - 2024-10-19 10:53:21 --> Error: Object of class stdClass could not be converted to string
[Method: GET, Route: exchange-data/3]
in APPPATH\Views\category\post-form.php on line 10.
 1 SYSTEMPATH\View\View.php(234): include()
 2 SYSTEMPATH\View\View.php(237): CodeIgniter\View\View->CodeIgniter\View\{closure}()
 3 SYSTEMPATH\Common.php(1171): CodeIgniter\View\View->render('category/post-form', [], true)
 4 APPPATH\Controllers\CategoryController.php(79): view('category/post-form', [...])
 5 SYSTEMPATH\CodeIgniter.php(933): App\Controllers\CategoryController->exChange('3')
 6 SYSTEMPATH\CodeIgniter.php(509): CodeIgniter\CodeIgniter->runController(Object(App\Controllers\CategoryController))
 7 SYSTEMPATH\CodeIgniter.php(355): CodeIgniter\CodeIgniter->handleRequest(null, Object(Config\Cache), false)
 8 SYSTEMPATH\Boot.php(325): CodeIgniter\CodeIgniter->run()
 9 SYSTEMPATH\Boot.php(67): CodeIgniter\Boot::runCodeIgniter(Object(CodeIgniter\CodeIgniter))
10 FCPATH\index.php(56): CodeIgniter\Boot::bootWeb(Object(Config\Paths))
CRITICAL - 2024-10-19 13:47:26 --> ErrorException: Undefined variable $id
[Method: GET, Route: exchange-data/280]
in APPPATH\Views\category\post-form.php on line 103.
 1 APPPATH\Views\category\post-form.php(103): CodeIgniter\Debug\Exceptions->errorHandler(2, 'Undefined variable $id', 'C:\\laragon\\www\\dealsmandi\\app\\Views\\category\\post-form.php', 103)
 2 SYSTEMPATH\View\View.php(234): include('C:\\laragon\\www\\dealsmandi\\app\\Views\\category\\post-form.php')
 3 SYSTEMPATH\View\View.php(237): CodeIgniter\View\View->CodeIgniter\View\{closure}()
 4 SYSTEMPATH\Common.php(1171): CodeIgniter\View\View->render('category/post-form', [], true)
 5 APPPATH\Controllers\CategoryController.php(81): view('category/post-form', [...])
 6 SYSTEMPATH\CodeIgniter.php(933): App\Controllers\CategoryController->exChange('280')
 7 SYSTEMPATH\CodeIgniter.php(509): CodeIgniter\CodeIgniter->runController(Object(App\Controllers\CategoryController))
 8 SYSTEMPATH\CodeIgniter.php(355): CodeIgniter\CodeIgniter->handleRequest(null, Object(Config\Cache), false)
 9 SYSTEMPATH\Boot.php(325): CodeIgniter\CodeIgniter->run()
10 SYSTEMPATH\Boot.php(67): CodeIgniter\Boot::runCodeIgniter(Object(CodeIgniter\CodeIgniter))
11 FCPATH\index.php(56): CodeIgniter\Boot::bootWeb(Object(Config\Paths))
CRITICAL - 2024-10-19 14:04:29 --> ErrorException: Undefined variable $id
[Method: GET, Route: exchange-data/3]
in APPPATH\Views\category\post-form.php on line 81.
 1 APPPATH\Views\category\post-form.php(81): CodeIgniter\Debug\Exceptions->errorHandler(2, 'Undefined variable $id', 'C:\\laragon\\www\\dealsmandi\\app\\Views\\category\\post-form.php', 81)
 2 SYSTEMPATH\View\View.php(234): include('C:\\laragon\\www\\dealsmandi\\app\\Views\\category\\post-form.php')
 3 SYSTEMPATH\View\View.php(237): CodeIgniter\View\View->CodeIgniter\View\{closure}()
 4 SYSTEMPATH\Common.php(1171): CodeIgniter\View\View->render('category/post-form', [], true)
 5 APPPATH\Controllers\CategoryController.php(81): view('category/post-form', [...])
 6 SYSTEMPATH\CodeIgniter.php(933): App\Controllers\CategoryController->exChange('3')
 7 SYSTEMPATH\CodeIgniter.php(509): CodeIgniter\CodeIgniter->runController(Object(App\Controllers\CategoryController))
 8 SYSTEMPATH\CodeIgniter.php(355): CodeIgniter\CodeIgniter->handleRequest(null, Object(Config\Cache), false)
 9 SYSTEMPATH\Boot.php(325): CodeIgniter\CodeIgniter->run()
10 SYSTEMPATH\Boot.php(67): CodeIgniter\Boot::runCodeIgniter(Object(CodeIgniter\CodeIgniter))
11 FCPATH\index.php(56): CodeIgniter\Boot::bootWeb(Object(Config\Paths))
CRITICAL - 2024-10-19 15:41:03 --> CodeIgniter\HTTP\Exceptions\BadRequestException: The URI you submitted has disallowed characters: "{{ asset('assets"
[Method: GET, Route: %7B%7B%20asset%28%27assets/images/dumyImage.png%27%29%7D%7D]
in SYSTEMPATH\Router\Router.php on line 737.
 1 SYSTEMPATH\Router\Router.php(204): CodeIgniter\Router\Router->checkDisallowedChars('{{ asset(\'assets/images/dumyImage.png\')}}')
 2 SYSTEMPATH\CodeIgniter.php(834): CodeIgniter\Router\Router->handle('{{ asset(\'assets/images/dumyImage.png\')}}')
 3 SYSTEMPATH\CodeIgniter.php(457): CodeIgniter\CodeIgniter->tryToRouteIt(Object(CodeIgniter\Router\RouteCollection))
 4 SYSTEMPATH\CodeIgniter.php(355): CodeIgniter\CodeIgniter->handleRequest(null, Object(Config\Cache), false)
 5 SYSTEMPATH\Boot.php(325): CodeIgniter\CodeIgniter->run()
 6 SYSTEMPATH\Boot.php(67): CodeIgniter\Boot::runCodeIgniter(Object(CodeIgniter\CodeIgniter))
 7 FCPATH\index.php(57): CodeIgniter\Boot::bootWeb(Object(Config\Paths))
 8 SYSTEMPATH\rewrite.php(44): require_once('C:\\laragon\\www\\dealsmandi\\public\\index.php')
CRITICAL - 2024-10-19 18:21:19 --> ErrorException: Undefined variable $id
[Method: GET, Route: exchange-data/3]
in APPPATH\Views\category\post-form.php on line 106.
 1 APPPATH\Views\category\post-form.php(106): CodeIgniter\Debug\Exceptions->errorHandler(2, 'Undefined variable $id', 'C:\\laragon\\www\\dealsmandi\\app\\Views\\category\\post-form.php', 106)
 2 SYSTEMPATH\View\View.php(234): include('C:\\laragon\\www\\dealsmandi\\app\\Views\\category\\post-form.php')
 3 SYSTEMPATH\View\View.php(237): CodeIgniter\View\View->CodeIgniter\View\{closure}()
 4 SYSTEMPATH\Common.php(1171): CodeIgniter\View\View->render('category/post-form', [], true)
 5 APPPATH\Controllers\CategoryController.php(81): view('category/post-form', [...])
 6 SYSTEMPATH\CodeIgniter.php(933): App\Controllers\CategoryController->exChange('3')
 7 SYSTEMPATH\CodeIgniter.php(509): CodeIgniter\CodeIgniter->runController(Object(App\Controllers\CategoryController))
 8 SYSTEMPATH\CodeIgniter.php(355): CodeIgniter\CodeIgniter->handleRequest(null, Object(Config\Cache), false)
 9 SYSTEMPATH\Boot.php(325): CodeIgniter\CodeIgniter->run()
10 SYSTEMPATH\Boot.php(67): CodeIgniter\Boot::runCodeIgniter(Object(CodeIgniter\CodeIgniter))
11 FCPATH\index.php(56): CodeIgniter\Boot::bootWeb(Object(Config\Paths))
CRITICAL - 2024-10-19 19:36:10 --> ErrorException: Undefined variable $id
[Method: GET, Route: exchange-data/396]
in APPPATH\Views\category\post-form.php on line 107.
 1 APPPATH\Views\category\post-form.php(107): CodeIgniter\Debug\Exceptions->errorHandler(2, 'Undefined variable $id', 'C:\\laragon\\www\\dealsmandi\\app\\Views\\category\\post-form.php', 107)
 2 SYSTEMPATH\View\View.php(234): include('C:\\laragon\\www\\dealsmandi\\app\\Views\\category\\post-form.php')
 3 SYSTEMPATH\View\View.php(237): CodeIgniter\View\View->CodeIgniter\View\{closure}()
 4 SYSTEMPATH\Common.php(1171): CodeIgniter\View\View->render('category/post-form', [], true)
 5 APPPATH\Controllers\CategoryController.php(81): view('category/post-form', [...])
 6 SYSTEMPATH\CodeIgniter.php(933): App\Controllers\CategoryController->exChange('396')
 7 SYSTEMPATH\CodeIgniter.php(509): CodeIgniter\CodeIgniter->runController(Object(App\Controllers\CategoryController))
 8 SYSTEMPATH\CodeIgniter.php(355): CodeIgniter\CodeIgniter->handleRequest(null, Object(Config\Cache), false)
 9 SYSTEMPATH\Boot.php(325): CodeIgniter\CodeIgniter->run()
10 SYSTEMPATH\Boot.php(67): CodeIgniter\Boot::runCodeIgniter(Object(CodeIgniter\CodeIgniter))
11 FCPATH\index.php(56): CodeIgniter\Boot::bootWeb(Object(Config\Paths))
CRITICAL - 2024-10-19 19:59:09 --> CodeIgniter\HTTP\Exceptions\BadRequestException: The URI you submitted has disallowed characters: "href=http:"
[Method: GET, Route: exchange-data/href=http:/localhost/dealsmandi/post-child/18]
in SYSTEMPATH\Router\Router.php on line 737.
 1 SYSTEMPATH\Router\Router.php(204): CodeIgniter\Router\Router->checkDisallowedChars('exchange-data/href=http:/localhost/dealsmandi/post-child/18')
 2 SYSTEMPATH\CodeIgniter.php(834): CodeIgniter\Router\Router->handle('exchange-data/href=http:/localhost/dealsmandi/post-child/18')
 3 SYSTEMPATH\CodeIgniter.php(457): CodeIgniter\CodeIgniter->tryToRouteIt(Object(CodeIgniter\Router\RouteCollection))
 4 SYSTEMPATH\CodeIgniter.php(355): CodeIgniter\CodeIgniter->handleRequest(null, Object(Config\Cache), false)
 5 SYSTEMPATH\Boot.php(325): CodeIgniter\CodeIgniter->run()
 6 SYSTEMPATH\Boot.php(67): CodeIgniter\Boot::runCodeIgniter(Object(CodeIgniter\CodeIgniter))
 7 FCPATH\index.php(56): CodeIgniter\Boot::bootWeb(Object(Config\Paths))
CRITICAL - 2024-10-19 20:00:11 --> CodeIgniter\HTTP\Exceptions\BadRequestException: The URI you submitted has disallowed characters: "href=http:"
[Method: GET, Route: exchange-data/href=http:/localhost/dealsmandi/post-child/18]
in SYSTEMPATH\Router\Router.php on line 737.
 1 SYSTEMPATH\Router\Router.php(204): CodeIgniter\Router\Router->checkDisallowedChars('exchange-data/href=http:/localhost/dealsmandi/post-child/18')
 2 SYSTEMPATH\CodeIgniter.php(834): CodeIgniter\Router\Router->handle('exchange-data/href=http:/localhost/dealsmandi/post-child/18')
 3 SYSTEMPATH\CodeIgniter.php(457): CodeIgniter\CodeIgniter->tryToRouteIt(Object(CodeIgniter\Router\RouteCollection))
 4 SYSTEMPATH\CodeIgniter.php(355): CodeIgniter\CodeIgniter->handleRequest(null, Object(Config\Cache), false)
 5 SYSTEMPATH\Boot.php(325): CodeIgniter\CodeIgniter->run()
 6 SYSTEMPATH\Boot.php(67): CodeIgniter\Boot::runCodeIgniter(Object(CodeIgniter\CodeIgniter))
 7 FCPATH\index.php(56): CodeIgniter\Boot::bootWeb(Object(Config\Paths))
CRITICAL - 2024-10-19 20:00:14 --> CodeIgniter\HTTP\Exceptions\BadRequestException: The URI you submitted has disallowed characters: "href=http:"
[Method: GET, Route: exchange-data/href=http:/localhost/dealsmandi/post-child/18]
in SYSTEMPATH\Router\Router.php on line 737.
 1 SYSTEMPATH\Router\Router.php(204): CodeIgniter\Router\Router->checkDisallowedChars('exchange-data/href=http:/localhost/dealsmandi/post-child/18')
 2 SYSTEMPATH\CodeIgniter.php(834): CodeIgniter\Router\Router->handle('exchange-data/href=http:/localhost/dealsmandi/post-child/18')
 3 SYSTEMPATH\CodeIgniter.php(457): CodeIgniter\CodeIgniter->tryToRouteIt(Object(CodeIgniter\Router\RouteCollection))
 4 SYSTEMPATH\CodeIgniter.php(355): CodeIgniter\CodeIgniter->handleRequest(null, Object(Config\Cache), false)
 5 SYSTEMPATH\Boot.php(325): CodeIgniter\CodeIgniter->run()
 6 SYSTEMPATH\Boot.php(67): CodeIgniter\Boot::runCodeIgniter(Object(CodeIgniter\CodeIgniter))
 7 FCPATH\index.php(56): CodeIgniter\Boot::bootWeb(Object(Config\Paths))
CRITICAL - 2024-10-19 20:08:59 --> ParseError: syntax error, unexpected single-quoted string "subCategoryList", expecting "]"
[Method: GET, Route: exchange-data/396]
in APPPATH\Controllers\CategoryController.php on line 99.
 1 SYSTEMPATH\Autoloader\Autoloader.php(296): CodeIgniter\Autoloader\Autoloader->includeFile('C:\\laragon\\www\\dealsmandi\\app\\Controllers\\CategoryController.php')
 2 SYSTEMPATH\Autoloader\Autoloader.php(272): CodeIgniter\Autoloader\Autoloader->loadInNamespace('App\\Controllers\\CategoryController')
 3 [internal function]: CodeIgniter\Autoloader\Autoloader->loadClass('App\\Controllers\\CategoryController')
 4 SYSTEMPATH\CodeIgniter.php(887): class_exists('\\App\\Controllers\\CategoryController', true)
 5 SYSTEMPATH\CodeIgniter.php(496): CodeIgniter\CodeIgniter->startController()
 6 SYSTEMPATH\CodeIgniter.php(355): CodeIgniter\CodeIgniter->handleRequest(null, Object(Config\Cache), false)
 7 SYSTEMPATH\Boot.php(325): CodeIgniter\CodeIgniter->run()
 8 SYSTEMPATH\Boot.php(67): CodeIgniter\Boot::runCodeIgniter(Object(CodeIgniter\CodeIgniter))
 9 FCPATH\index.php(56): CodeIgniter\Boot::bootWeb(Object(Config\Paths))
CRITICAL - 2024-10-19 20:32:12 --> ErrorException: Attempt to read property "subcategorythree_name" on string
[Method: GET, Route: sub-category-data/24]
in APPPATH\Views\category\post-form.php on line 15.
 1 APPPATH\Views\category\post-form.php(15): CodeIgniter\Debug\Exceptions->errorHandler(2, 'Attempt to read property "subcategorythree_name" on string', 'C:\\laragon\\www\\dealsmandi\\app\\Views\\category\\post-form.php', 15)
 2 SYSTEMPATH\View\View.php(234): include('C:\\laragon\\www\\dealsmandi\\app\\Views\\category\\post-form.php')
 3 SYSTEMPATH\View\View.php(237): CodeIgniter\View\View->CodeIgniter\View\{closure}()
 4 SYSTEMPATH\Common.php(1171): CodeIgniter\View\View->render('category/post-form', [], true)
 5 APPPATH\Controllers\CategoryController.php(100): view('category/post-form', [...])
 6 SYSTEMPATH\CodeIgniter.php(933): App\Controllers\CategoryController->subCategoryChange('24')
 7 SYSTEMPATH\CodeIgniter.php(509): CodeIgniter\CodeIgniter->runController(Object(App\Controllers\CategoryController))
 8 SYSTEMPATH\CodeIgniter.php(355): CodeIgniter\CodeIgniter->handleRequest(null, Object(Config\Cache), false)
 9 SYSTEMPATH\Boot.php(325): CodeIgniter\CodeIgniter->run()
10 SYSTEMPATH\Boot.php(67): CodeIgniter\Boot::runCodeIgniter(Object(CodeIgniter\CodeIgniter))
11 FCPATH\index.php(56): CodeIgniter\Boot::bootWeb(Object(Config\Paths))
CRITICAL - 2024-10-19 20:58:35 --> ErrorException: Undefined variable $
[Method: GET, Route: post/18]
in APPPATH\Controllers\CategoryController.php on line 39.
 1 APPPATH\Controllers\CategoryController.php(39): CodeIgniter\Debug\Exceptions->errorHandler(2, 'Undefined variable $', 'C:\\laragon\\www\\dealsmandi\\app\\Controllers\\CategoryController.php', 39)
 2 SYSTEMPATH\CodeIgniter.php(933): App\Controllers\CategoryController->show('18')
 3 SYSTEMPATH\CodeIgniter.php(509): CodeIgniter\CodeIgniter->runController(Object(App\Controllers\CategoryController))
 4 SYSTEMPATH\CodeIgniter.php(355): CodeIgniter\CodeIgniter->handleRequest(null, Object(Config\Cache), false)
 5 SYSTEMPATH\Boot.php(325): CodeIgniter\CodeIgniter->run()
 6 SYSTEMPATH\Boot.php(67): CodeIgniter\Boot::runCodeIgniter(Object(CodeIgniter\CodeIgniter))
 7 FCPATH\index.php(56): CodeIgniter\Boot::bootWeb(Object(Config\Paths))
CRITICAL - 2024-10-19 21:54:54 --> ErrorException: Array to string conversion
[Method: GET, Route: post/18]
in APPPATH\Controllers\CategoryController.php on line 34.
 1 APPPATH\Controllers\CategoryController.php(34): CodeIgniter\Debug\Exceptions->errorHandler(2, 'Array to string conversion', 'C:\\laragon\\www\\dealsmandi\\app\\Controllers\\CategoryController.php', 34)
 2 SYSTEMPATH\CodeIgniter.php(933): App\Controllers\CategoryController->show('18')
 3 SYSTEMPATH\CodeIgniter.php(509): CodeIgniter\CodeIgniter->runController(Object(App\Controllers\CategoryController))
 4 SYSTEMPATH\CodeIgniter.php(355): CodeIgniter\CodeIgniter->handleRequest(null, Object(Config\Cache), false)
 5 SYSTEMPATH\Boot.php(325): CodeIgniter\CodeIgniter->run()
 6 SYSTEMPATH\Boot.php(67): CodeIgniter\Boot::runCodeIgniter(Object(CodeIgniter\CodeIgniter))
 7 FCPATH\index.php(56): CodeIgniter\Boot::bootWeb(Object(Config\Paths))
CRITICAL - 2024-10-19 22:02:44 --> CodeIgniter\Database\Exceptions\DatabaseException: You must set the database table to be used with your query.
[Method: GET, Route: post/18]
in SYSTEMPATH\Database\BaseConnection.php on line 927.
 1 SYSTEMPATH\Model.php(716): CodeIgniter\Database\BaseConnection->table(null)
 2 SYSTEMPATH\Model.php(922): CodeIgniter\Model->builder()
 3 APPPATH\Controllers\CategoryController.php(32): CodeIgniter\Model->__call('getSubChildCategory', [...])
 4 SYSTEMPATH\CodeIgniter.php(933): App\Controllers\CategoryController->show('18')
 5 SYSTEMPATH\CodeIgniter.php(509): CodeIgniter\CodeIgniter->runController(Object(App\Controllers\CategoryController))
 6 SYSTEMPATH\CodeIgniter.php(355): CodeIgniter\CodeIgniter->handleRequest(null, Object(Config\Cache), false)
 7 SYSTEMPATH\Boot.php(325): CodeIgniter\CodeIgniter->run()
 8 SYSTEMPATH\Boot.php(67): CodeIgniter\Boot::runCodeIgniter(Object(CodeIgniter\CodeIgniter))
 9 FCPATH\index.php(56): CodeIgniter\Boot::bootWeb(Object(Config\Paths))
CRITICAL - 2024-10-19 22:02:55 --> CodeIgniter\Database\Exceptions\DatabaseException: You must set the database table to be used with your query.
[Method: GET, Route: post/18]
in SYSTEMPATH\Database\BaseConnection.php on line 927.
 1 SYSTEMPATH\Model.php(716): CodeIgniter\Database\BaseConnection->table(null)
 2 SYSTEMPATH\Model.php(922): CodeIgniter\Model->builder()
 3 APPPATH\Controllers\CategoryController.php(32): CodeIgniter\Model->__call('getSubChildCategory', [...])
 4 SYSTEMPATH\CodeIgniter.php(933): App\Controllers\CategoryController->show('18')
 5 SYSTEMPATH\CodeIgniter.php(509): CodeIgniter\CodeIgniter->runController(Object(App\Controllers\CategoryController))
 6 SYSTEMPATH\CodeIgniter.php(355): CodeIgniter\CodeIgniter->handleRequest(null, Object(Config\Cache), false)
 7 SYSTEMPATH\Boot.php(325): CodeIgniter\CodeIgniter->run()
 8 SYSTEMPATH\Boot.php(67): CodeIgniter\Boot::runCodeIgniter(Object(CodeIgniter\CodeIgniter))
 9 FCPATH\index.php(56): CodeIgniter\Boot::bootWeb(Object(Config\Paths))
