CRITICAL - 2024-10-20 19:07:07 --> ErrorException: Undefined variable $list_locations
[Method: GET, Route: sub-category-data/21]
in APPPATH\Views\category\post-form.php on line 74.
 1 APPPATH\Views\category\post-form.php(74): CodeIgniter\Debug\Exceptions->errorHandler(2, 'Undefined variable $list_locations', 'C:\\laragon\\www\\dealsmandi\\app\\Views\\category\\post-form.php', 74)
 2 SYSTEMPATH\View\View.php(234): include('C:\\laragon\\www\\dealsmandi\\app\\Views\\category\\post-form.php')
 3 SYSTEMPATH\View\View.php(237): CodeIgniter\View\View->CodeIgniter\View\{closure}()
 4 SYSTEMPATH\Common.php(1171): CodeIgniter\View\View->render('category/post-form', [], true)
 5 APPPATH\Controllers\CategoryController.php(102): view('category/post-form', [...])
 6 SYSTEMPATH\CodeIgniter.php(933): App\Controllers\CategoryController->subCategoryChange('21')
 7 SYSTEMPATH\CodeIgniter.php(509): CodeIgniter\CodeIgniter->runController(Object(App\Controllers\CategoryController))
 8 SYSTEMPATH\CodeIgniter.php(355): CodeIgniter\CodeIgniter->handleRequest(null, Object(Config\Cache), false)
 9 SYSTEMPATH\Boot.php(325): CodeIgniter\CodeIgniter->run()
10 SYSTEMPATH\Boot.php(67): CodeIgniter\Boot::runCodeIgniter(Object(CodeIgniter\CodeIgniter))
11 FCPATH\index.php(56): CodeIgniter\Boot::bootWeb(Object(Config\Paths))
CRITICAL - 2024-10-20 19:09:22 --> ErrorException: Undefined variable $list_locations
[Method: GET, Route: sub-category-data/21]
in APPPATH\Views\category\post-form.php on line 74.
 1 APPPATH\Views\category\post-form.php(74): CodeIgniter\Debug\Exceptions->errorHandler(2, 'Undefined variable $list_locations', 'C:\\laragon\\www\\dealsmandi\\app\\Views\\category\\post-form.php', 74)
 2 SYSTEMPATH\View\View.php(234): include('C:\\laragon\\www\\dealsmandi\\app\\Views\\category\\post-form.php')
 3 SYSTEMPATH\View\View.php(237): CodeIgniter\View\View->CodeIgniter\View\{closure}()
 4 SYSTEMPATH\Common.php(1171): CodeIgniter\View\View->render('category/post-form', [], true)
 5 APPPATH\Controllers\CategoryController.php(104): view('category/post-form', [...])
 6 SYSTEMPATH\CodeIgniter.php(933): App\Controllers\CategoryController->subCategoryChange('21')
 7 SYSTEMPATH\CodeIgniter.php(509): CodeIgniter\CodeIgniter->runController(Object(App\Controllers\CategoryController))
 8 SYSTEMPATH\CodeIgniter.php(355): CodeIgniter\CodeIgniter->handleRequest(null, Object(Config\Cache), false)
 9 SYSTEMPATH\Boot.php(325): CodeIgniter\CodeIgniter->run()
10 SYSTEMPATH\Boot.php(67): CodeIgniter\Boot::runCodeIgniter(Object(CodeIgniter\CodeIgniter))
11 FCPATH\index.php(56): CodeIgniter\Boot::bootWeb(Object(Config\Paths))
CRITICAL - 2024-10-20 19:09:28 --> ErrorException: Undefined variable $list_locations
[Method: GET, Route: sub-category-data/21]
in APPPATH\Views\category\post-form.php on line 74.
 1 APPPATH\Views\category\post-form.php(74): CodeIgniter\Debug\Exceptions->errorHandler(2, 'Undefined variable $list_locations', 'C:\\laragon\\www\\dealsmandi\\app\\Views\\category\\post-form.php', 74)
 2 SYSTEMPATH\View\View.php(234): include('C:\\laragon\\www\\dealsmandi\\app\\Views\\category\\post-form.php')
 3 SYSTEMPATH\View\View.php(237): CodeIgniter\View\View->CodeIgniter\View\{closure}()
 4 SYSTEMPATH\Common.php(1171): CodeIgniter\View\View->render('category/post-form', [], true)
 5 APPPATH\Controllers\CategoryController.php(104): view('category/post-form', [...])
 6 SYSTEMPATH\CodeIgniter.php(933): App\Controllers\CategoryController->subCategoryChange('21')
 7 SYSTEMPATH\CodeIgniter.php(509): CodeIgniter\CodeIgniter->runController(Object(App\Controllers\CategoryController))
 8 SYSTEMPATH\CodeIgniter.php(355): CodeIgniter\CodeIgniter->handleRequest(null, Object(Config\Cache), false)
 9 SYSTEMPATH\Boot.php(325): CodeIgniter\CodeIgniter->run()
10 SYSTEMPATH\Boot.php(67): CodeIgniter\Boot::runCodeIgniter(Object(CodeIgniter\CodeIgniter))
11 FCPATH\index.php(56): CodeIgniter\Boot::bootWeb(Object(Config\Paths))
