CRITICAL - 2024-10-21 08:50:58 --> ErrorException: Attempt to read property "subcategorythree_name" on string
[Method: GET, Route: sub-category-data/25]
in APPPATH\Views\category\post-form.php on line 49.
 1 APPPATH\Views\category\post-form.php(49): CodeIgniter\Debug\Exceptions->errorHandler(2, 'Attempt to read property "subcategorythree_name" on string', 'C:\\laragon\\www\\dealsmandi\\app\\Views\\category\\post-form.php', 49)
 2 SYSTEMPATH\View\View.php(234): include('C:\\laragon\\www\\dealsmandi\\app\\Views\\category\\post-form.php')
 3 SYSTEMPATH\View\View.php(237): CodeIgniter\View\View->CodeIgniter\View\{closure}()
 4 SYSTEMPATH\Common.php(1171): CodeIgniter\View\View->render('category/post-form', [], true)
 5 APPPATH\Controllers\CategoryController.php(89): view('category/post-form', [...])
 6 SYSTEMPATH\CodeIgniter.php(933): App\Controllers\CategoryController->subCategoryChange('25')
 7 SYSTEMPATH\CodeIgniter.php(509): CodeIgniter\CodeIgniter->runController(Object(App\Controllers\CategoryController))
 8 SYSTEMPATH\CodeIgniter.php(355): CodeIgniter\CodeIgniter->handleRequest(null, Object(Config\Cache), false)
 9 SYSTEMPATH\Boot.php(325): CodeIgniter\CodeIgniter->run()
10 SYSTEMPATH\Boot.php(67): CodeIgniter\Boot::runCodeIgniter(Object(CodeIgniter\CodeIgniter))
11 FCPATH\index.php(56): CodeIgniter\Boot::bootWeb(Object(Config\Paths))
CRITICAL - 2024-10-21 08:52:05 --> ErrorException: Attempt to read property "subcategorythree_name" on string
[Method: GET, Route: sub-category-data/35]
in APPPATH\Views\category\post-form.php on line 49.
 1 APPPATH\Views\category\post-form.php(49): CodeIgniter\Debug\Exceptions->errorHandler(2, 'Attempt to read property "subcategorythree_name" on string', 'C:\\laragon\\www\\dealsmandi\\app\\Views\\category\\post-form.php', 49)
 2 SYSTEMPATH\View\View.php(234): include('C:\\laragon\\www\\dealsmandi\\app\\Views\\category\\post-form.php')
 3 SYSTEMPATH\View\View.php(237): CodeIgniter\View\View->CodeIgniter\View\{closure}()
 4 SYSTEMPATH\Common.php(1171): CodeIgniter\View\View->render('category/post-form', [], true)
 5 APPPATH\Controllers\CategoryController.php(89): view('category/post-form', [...])
 6 SYSTEMPATH\CodeIgniter.php(933): App\Controllers\CategoryController->subCategoryChange('35')
 7 SYSTEMPATH\CodeIgniter.php(509): CodeIgniter\CodeIgniter->runController(Object(App\Controllers\CategoryController))
 8 SYSTEMPATH\CodeIgniter.php(355): CodeIgniter\CodeIgniter->handleRequest(null, Object(Config\Cache), false)
 9 SYSTEMPATH\Boot.php(325): CodeIgniter\CodeIgniter->run()
10 SYSTEMPATH\Boot.php(67): CodeIgniter\Boot::runCodeIgniter(Object(CodeIgniter\CodeIgniter))
11 FCPATH\index.php(56): CodeIgniter\Boot::bootWeb(Object(Config\Paths))
CRITICAL - 2024-10-21 08:53:43 --> ErrorException: Attempt to read property "subcategorythree_name" on string
[Method: GET, Route: sub-category-data/35]
in APPPATH\Views\category\post-form.php on line 73.
 1 APPPATH\Views\category\post-form.php(73): CodeIgniter\Debug\Exceptions->errorHandler(2, 'Attempt to read property "subcategorythree_name" on string', 'C:\\laragon\\www\\dealsmandi\\app\\Views\\category\\post-form.php', 73)
 2 SYSTEMPATH\View\View.php(234): include('C:\\laragon\\www\\dealsmandi\\app\\Views\\category\\post-form.php')
 3 SYSTEMPATH\View\View.php(237): CodeIgniter\View\View->CodeIgniter\View\{closure}()
 4 SYSTEMPATH\Common.php(1171): CodeIgniter\View\View->render('category/post-form', [], true)
 5 APPPATH\Controllers\CategoryController.php(89): view('category/post-form', [...])
 6 SYSTEMPATH\CodeIgniter.php(933): App\Controllers\CategoryController->subCategoryChange('35')
 7 SYSTEMPATH\CodeIgniter.php(509): CodeIgniter\CodeIgniter->runController(Object(App\Controllers\CategoryController))
 8 SYSTEMPATH\CodeIgniter.php(355): CodeIgniter\CodeIgniter->handleRequest(null, Object(Config\Cache), false)
 9 SYSTEMPATH\Boot.php(325): CodeIgniter\CodeIgniter->run()
10 SYSTEMPATH\Boot.php(67): CodeIgniter\Boot::runCodeIgniter(Object(CodeIgniter\CodeIgniter))
11 FCPATH\index.php(56): CodeIgniter\Boot::bootWeb(Object(Config\Paths))
CRITICAL - 2024-10-21 08:54:41 --> ErrorException: Attempt to read property "subcategorythree_name" on string
[Method: GET, Route: sub-category-data/35]
in APPPATH\Views\category\post-form.php on line 73.
 1 APPPATH\Views\category\post-form.php(73): CodeIgniter\Debug\Exceptions->errorHandler(2, 'Attempt to read property "subcategorythree_name" on string', 'C:\\laragon\\www\\dealsmandi\\app\\Views\\category\\post-form.php', 73)
 2 SYSTEMPATH\View\View.php(234): include('C:\\laragon\\www\\dealsmandi\\app\\Views\\category\\post-form.php')
 3 SYSTEMPATH\View\View.php(237): CodeIgniter\View\View->CodeIgniter\View\{closure}()
 4 SYSTEMPATH\Common.php(1171): CodeIgniter\View\View->render('category/post-form', [], true)
 5 APPPATH\Controllers\CategoryController.php(89): view('category/post-form', [...])
 6 SYSTEMPATH\CodeIgniter.php(933): App\Controllers\CategoryController->subCategoryChange('35')
 7 SYSTEMPATH\CodeIgniter.php(509): CodeIgniter\CodeIgniter->runController(Object(App\Controllers\CategoryController))
 8 SYSTEMPATH\CodeIgniter.php(355): CodeIgniter\CodeIgniter->handleRequest(null, Object(Config\Cache), false)
 9 SYSTEMPATH\Boot.php(325): CodeIgniter\CodeIgniter->run()
10 SYSTEMPATH\Boot.php(67): CodeIgniter\Boot::runCodeIgniter(Object(CodeIgniter\CodeIgniter))
11 FCPATH\index.php(56): CodeIgniter\Boot::bootWeb(Object(Config\Paths))
CRITICAL - 2024-10-21 08:54:45 --> ErrorException: Attempt to read property "subcategorythree_name" on string
[Method: GET, Route: sub-category-data/35]
in APPPATH\Views\category\post-form.php on line 73.
 1 APPPATH\Views\category\post-form.php(73): CodeIgniter\Debug\Exceptions->errorHandler(2, 'Attempt to read property "subcategorythree_name" on string', 'C:\\laragon\\www\\dealsmandi\\app\\Views\\category\\post-form.php', 73)
 2 SYSTEMPATH\View\View.php(234): include('C:\\laragon\\www\\dealsmandi\\app\\Views\\category\\post-form.php')
 3 SYSTEMPATH\View\View.php(237): CodeIgniter\View\View->CodeIgniter\View\{closure}()
 4 SYSTEMPATH\Common.php(1171): CodeIgniter\View\View->render('category/post-form', [], true)
 5 APPPATH\Controllers\CategoryController.php(89): view('category/post-form', [...])
 6 SYSTEMPATH\CodeIgniter.php(933): App\Controllers\CategoryController->subCategoryChange('35')
 7 SYSTEMPATH\CodeIgniter.php(509): CodeIgniter\CodeIgniter->runController(Object(App\Controllers\CategoryController))
 8 SYSTEMPATH\CodeIgniter.php(355): CodeIgniter\CodeIgniter->handleRequest(null, Object(Config\Cache), false)
 9 SYSTEMPATH\Boot.php(325): CodeIgniter\CodeIgniter->run()
10 SYSTEMPATH\Boot.php(67): CodeIgniter\Boot::runCodeIgniter(Object(CodeIgniter\CodeIgniter))
11 FCPATH\index.php(56): CodeIgniter\Boot::bootWeb(Object(Config\Paths))
CRITICAL - 2024-10-21 09:05:39 --> ParseError: syntax error, unexpected token "endif", expecting end of file
[Method: GET, Route: exchange-data/2]
in APPPATH\Views\category\post-form.php on line 84.
 1 SYSTEMPATH\View\View.php(237): CodeIgniter\View\View->CodeIgniter\View\{closure}()
 2 SYSTEMPATH\Common.php(1171): CodeIgniter\View\View->render('category/post-form', [], true)
 3 APPPATH\Controllers\CategoryController.php(76): view('category/post-form', [...])
 4 SYSTEMPATH\CodeIgniter.php(933): App\Controllers\CategoryController->exChange('2')
 5 SYSTEMPATH\CodeIgniter.php(509): CodeIgniter\CodeIgniter->runController(Object(App\Controllers\CategoryController))
 6 SYSTEMPATH\CodeIgniter.php(355): CodeIgniter\CodeIgniter->handleRequest(null, Object(Config\Cache), false)
 7 SYSTEMPATH\Boot.php(325): CodeIgniter\CodeIgniter->run()
 8 SYSTEMPATH\Boot.php(67): CodeIgniter\Boot::runCodeIgniter(Object(CodeIgniter\CodeIgniter))
 9 FCPATH\index.php(56): CodeIgniter\Boot::bootWeb(Object(Config\Paths))
CRITICAL - 2024-10-21 09:24:57 --> ParseError: syntax error, unexpected end of file
[Method: GET, Route: exchange-data/2]
in APPPATH\Views\category\post-form.php on line 430.
 1 SYSTEMPATH\View\View.php(237): CodeIgniter\View\View->CodeIgniter\View\{closure}()
 2 SYSTEMPATH\Common.php(1171): CodeIgniter\View\View->render('category/post-form', [], true)
 3 APPPATH\Controllers\CategoryController.php(76): view('category/post-form', [...])
 4 SYSTEMPATH\CodeIgniter.php(933): App\Controllers\CategoryController->exChange('2')
 5 SYSTEMPATH\CodeIgniter.php(509): CodeIgniter\CodeIgniter->runController(Object(App\Controllers\CategoryController))
 6 SYSTEMPATH\CodeIgniter.php(355): CodeIgniter\CodeIgniter->handleRequest(null, Object(Config\Cache), false)
 7 SYSTEMPATH\Boot.php(325): CodeIgniter\CodeIgniter->run()
 8 SYSTEMPATH\Boot.php(67): CodeIgniter\Boot::runCodeIgniter(Object(CodeIgniter\CodeIgniter))
 9 FCPATH\index.php(56): CodeIgniter\Boot::bootWeb(Object(Config\Paths))
CRITICAL - 2024-10-21 09:25:07 --> ParseError: syntax error, unexpected end of file
[Method: GET, Route: exchange-data/1]
in APPPATH\Views\category\post-form.php on line 430.
 1 SYSTEMPATH\View\View.php(237): CodeIgniter\View\View->CodeIgniter\View\{closure}()
 2 SYSTEMPATH\Common.php(1171): CodeIgniter\View\View->render('category/post-form', [], true)
 3 APPPATH\Controllers\CategoryController.php(76): view('category/post-form', [...])
 4 SYSTEMPATH\CodeIgniter.php(933): App\Controllers\CategoryController->exChange('1')
 5 SYSTEMPATH\CodeIgniter.php(509): CodeIgniter\CodeIgniter->runController(Object(App\Controllers\CategoryController))
 6 SYSTEMPATH\CodeIgniter.php(355): CodeIgniter\CodeIgniter->handleRequest(null, Object(Config\Cache), false)
 7 SYSTEMPATH\Boot.php(325): CodeIgniter\CodeIgniter->run()
 8 SYSTEMPATH\Boot.php(67): CodeIgniter\Boot::runCodeIgniter(Object(CodeIgniter\CodeIgniter))
 9 FCPATH\index.php(56): CodeIgniter\Boot::bootWeb(Object(Config\Paths))
CRITICAL - 2024-10-21 10:02:53 --> ErrorException: Attempt to read property "subcategorythree_name" on string
[Method: GET, Route: sub-category-data/25]
in APPPATH\Views\category\post-form.php on line 49.
 1 APPPATH\Views\category\post-form.php(49): CodeIgniter\Debug\Exceptions->errorHandler(2, 'Attempt to read property "subcategorythree_name" on string', 'C:\\laragon\\www\\dealsmandi\\app\\Views\\category\\post-form.php', 49)
 2 SYSTEMPATH\View\View.php(234): include('C:\\laragon\\www\\dealsmandi\\app\\Views\\category\\post-form.php')
 3 SYSTEMPATH\View\View.php(237): CodeIgniter\View\View->CodeIgniter\View\{closure}()
 4 SYSTEMPATH\Common.php(1171): CodeIgniter\View\View->render('category/post-form', [], true)
 5 APPPATH\Controllers\CategoryController.php(89): view('category/post-form', [...])
 6 SYSTEMPATH\CodeIgniter.php(933): App\Controllers\CategoryController->subCategoryChange('25')
 7 SYSTEMPATH\CodeIgniter.php(509): CodeIgniter\CodeIgniter->runController(Object(App\Controllers\CategoryController))
 8 SYSTEMPATH\CodeIgniter.php(355): CodeIgniter\CodeIgniter->handleRequest(null, Object(Config\Cache), false)
 9 SYSTEMPATH\Boot.php(325): CodeIgniter\CodeIgniter->run()
10 SYSTEMPATH\Boot.php(67): CodeIgniter\Boot::runCodeIgniter(Object(CodeIgniter\CodeIgniter))
11 FCPATH\index.php(56): CodeIgniter\Boot::bootWeb(Object(Config\Paths))
CRITICAL - 2024-10-21 10:05:35 --> ErrorException: Attempt to read property "subcategorythree_name" on string
[Method: GET, Route: sub-category-data/25]
in APPPATH\Views\category\post-form.php on line 93.
 1 APPPATH\Views\category\post-form.php(93): CodeIgniter\Debug\Exceptions->errorHandler(2, 'Attempt to read property "subcategorythree_name" on string', 'C:\\laragon\\www\\dealsmandi\\app\\Views\\category\\post-form.php', 93)
 2 SYSTEMPATH\View\View.php(234): include('C:\\laragon\\www\\dealsmandi\\app\\Views\\category\\post-form.php')
 3 SYSTEMPATH\View\View.php(237): CodeIgniter\View\View->CodeIgniter\View\{closure}()
 4 SYSTEMPATH\Common.php(1171): CodeIgniter\View\View->render('category/post-form', [], true)
 5 APPPATH\Controllers\CategoryController.php(89): view('category/post-form', [...])
 6 SYSTEMPATH\CodeIgniter.php(933): App\Controllers\CategoryController->subCategoryChange('25')
 7 SYSTEMPATH\CodeIgniter.php(509): CodeIgniter\CodeIgniter->runController(Object(App\Controllers\CategoryController))
 8 SYSTEMPATH\CodeIgniter.php(355): CodeIgniter\CodeIgniter->handleRequest(null, Object(Config\Cache), false)
 9 SYSTEMPATH\Boot.php(325): CodeIgniter\CodeIgniter->run()
10 SYSTEMPATH\Boot.php(67): CodeIgniter\Boot::runCodeIgniter(Object(CodeIgniter\CodeIgniter))
11 FCPATH\index.php(56): CodeIgniter\Boot::bootWeb(Object(Config\Paths))
CRITICAL - 2024-10-21 10:11:35 --> ErrorException: Attempt to read property "subcategorythree_name" on string
[Method: GET, Route: sub-category-data/25]
in APPPATH\Views\category\post-form.php on line 95.
 1 APPPATH\Views\category\post-form.php(95): CodeIgniter\Debug\Exceptions->errorHandler(2, 'Attempt to read property "subcategorythree_name" on string', 'C:\\laragon\\www\\dealsmandi\\app\\Views\\category\\post-form.php', 95)
 2 SYSTEMPATH\View\View.php(234): include('C:\\laragon\\www\\dealsmandi\\app\\Views\\category\\post-form.php')
 3 SYSTEMPATH\View\View.php(237): CodeIgniter\View\View->CodeIgniter\View\{closure}()
 4 SYSTEMPATH\Common.php(1171): CodeIgniter\View\View->render('category/post-form', [], true)
 5 APPPATH\Controllers\CategoryController.php(89): view('category/post-form', [...])
 6 SYSTEMPATH\CodeIgniter.php(933): App\Controllers\CategoryController->subCategoryChange('25')
 7 SYSTEMPATH\CodeIgniter.php(509): CodeIgniter\CodeIgniter->runController(Object(App\Controllers\CategoryController))
 8 SYSTEMPATH\CodeIgniter.php(355): CodeIgniter\CodeIgniter->handleRequest(null, Object(Config\Cache), false)
 9 SYSTEMPATH\Boot.php(325): CodeIgniter\CodeIgniter->run()
10 SYSTEMPATH\Boot.php(67): CodeIgniter\Boot::runCodeIgniter(Object(CodeIgniter\CodeIgniter))
11 FCPATH\index.php(56): CodeIgniter\Boot::bootWeb(Object(Config\Paths))
CRITICAL - 2024-10-21 10:13:35 --> ParseError: syntax error, unexpected token ":"
[Method: GET, Route: sub-category-data/25]
in APPPATH\Views\category\post-form.php on line 4.
 1 SYSTEMPATH\View\View.php(237): CodeIgniter\View\View->CodeIgniter\View\{closure}()
 2 SYSTEMPATH\Common.php(1171): CodeIgniter\View\View->render('category/post-form', [], true)
 3 APPPATH\Controllers\CategoryController.php(89): view('category/post-form', [...])
 4 SYSTEMPATH\CodeIgniter.php(933): App\Controllers\CategoryController->subCategoryChange('25')
 5 SYSTEMPATH\CodeIgniter.php(509): CodeIgniter\CodeIgniter->runController(Object(App\Controllers\CategoryController))
 6 SYSTEMPATH\CodeIgniter.php(355): CodeIgniter\CodeIgniter->handleRequest(null, Object(Config\Cache), false)
 7 SYSTEMPATH\Boot.php(325): CodeIgniter\CodeIgniter->run()
 8 SYSTEMPATH\Boot.php(67): CodeIgniter\Boot::runCodeIgniter(Object(CodeIgniter\CodeIgniter))
 9 FCPATH\index.php(56): CodeIgniter\Boot::bootWeb(Object(Config\Paths))
CRITICAL - 2024-10-21 10:14:00 --> ErrorException: Attempt to read property "subcategorythree_name" on string
[Method: GET, Route: sub-category-data/25]
in APPPATH\Views\category\post-form.php on line 95.
 1 APPPATH\Views\category\post-form.php(95): CodeIgniter\Debug\Exceptions->errorHandler(2, 'Attempt to read property "subcategorythree_name" on string', 'C:\\laragon\\www\\dealsmandi\\app\\Views\\category\\post-form.php', 95)
 2 SYSTEMPATH\View\View.php(234): include('C:\\laragon\\www\\dealsmandi\\app\\Views\\category\\post-form.php')
 3 SYSTEMPATH\View\View.php(237): CodeIgniter\View\View->CodeIgniter\View\{closure}()
 4 SYSTEMPATH\Common.php(1171): CodeIgniter\View\View->render('category/post-form', [], true)
 5 APPPATH\Controllers\CategoryController.php(89): view('category/post-form', [...])
 6 SYSTEMPATH\CodeIgniter.php(933): App\Controllers\CategoryController->subCategoryChange('25')
 7 SYSTEMPATH\CodeIgniter.php(509): CodeIgniter\CodeIgniter->runController(Object(App\Controllers\CategoryController))
 8 SYSTEMPATH\CodeIgniter.php(355): CodeIgniter\CodeIgniter->handleRequest(null, Object(Config\Cache), false)
 9 SYSTEMPATH\Boot.php(325): CodeIgniter\CodeIgniter->run()
10 SYSTEMPATH\Boot.php(67): CodeIgniter\Boot::runCodeIgniter(Object(CodeIgniter\CodeIgniter))
11 FCPATH\index.php(56): CodeIgniter\Boot::bootWeb(Object(Config\Paths))
CRITICAL - 2024-10-21 10:15:15 --> ErrorException: Attempt to read property "subcategorythree_name" on string
[Method: GET, Route: sub-category-data/25]
in APPPATH\Views\category\post-form.php on line 95.
 1 APPPATH\Views\category\post-form.php(95): CodeIgniter\Debug\Exceptions->errorHandler(2, 'Attempt to read property "subcategorythree_name" on string', 'C:\\laragon\\www\\dealsmandi\\app\\Views\\category\\post-form.php', 95)
 2 SYSTEMPATH\View\View.php(234): include('C:\\laragon\\www\\dealsmandi\\app\\Views\\category\\post-form.php')
 3 SYSTEMPATH\View\View.php(237): CodeIgniter\View\View->CodeIgniter\View\{closure}()
 4 SYSTEMPATH\Common.php(1171): CodeIgniter\View\View->render('category/post-form', [], true)
 5 APPPATH\Controllers\CategoryController.php(89): view('category/post-form', [...])
 6 SYSTEMPATH\CodeIgniter.php(933): App\Controllers\CategoryController->subCategoryChange('25')
 7 SYSTEMPATH\CodeIgniter.php(509): CodeIgniter\CodeIgniter->runController(Object(App\Controllers\CategoryController))
 8 SYSTEMPATH\CodeIgniter.php(355): CodeIgniter\CodeIgniter->handleRequest(null, Object(Config\Cache), false)
 9 SYSTEMPATH\Boot.php(325): CodeIgniter\CodeIgniter->run()
10 SYSTEMPATH\Boot.php(67): CodeIgniter\Boot::runCodeIgniter(Object(CodeIgniter\CodeIgniter))
11 FCPATH\index.php(56): CodeIgniter\Boot::bootWeb(Object(Config\Paths))
CRITICAL - 2024-10-21 10:22:50 --> ErrorException: Attempt to read property "subcategorythree_name" on string
[Method: GET, Route: sub-category-data/21]
in APPPATH\Views\category\post-form.php on line 95.
 1 APPPATH\Views\category\post-form.php(95): CodeIgniter\Debug\Exceptions->errorHandler(2, 'Attempt to read property "subcategorythree_name" on string', 'C:\\laragon\\www\\dealsmandi\\app\\Views\\category\\post-form.php', 95)
 2 SYSTEMPATH\View\View.php(234): include('C:\\laragon\\www\\dealsmandi\\app\\Views\\category\\post-form.php')
 3 SYSTEMPATH\View\View.php(237): CodeIgniter\View\View->CodeIgniter\View\{closure}()
 4 SYSTEMPATH\Common.php(1171): CodeIgniter\View\View->render('category/post-form', [], true)
 5 APPPATH\Controllers\CategoryController.php(89): view('category/post-form', [...])
 6 SYSTEMPATH\CodeIgniter.php(933): App\Controllers\CategoryController->subCategoryChange('21')
 7 SYSTEMPATH\CodeIgniter.php(509): CodeIgniter\CodeIgniter->runController(Object(App\Controllers\CategoryController))
 8 SYSTEMPATH\CodeIgniter.php(355): CodeIgniter\CodeIgniter->handleRequest(null, Object(Config\Cache), false)
 9 SYSTEMPATH\Boot.php(325): CodeIgniter\CodeIgniter->run()
10 SYSTEMPATH\Boot.php(67): CodeIgniter\Boot::runCodeIgniter(Object(CodeIgniter\CodeIgniter))
11 FCPATH\index.php(56): CodeIgniter\Boot::bootWeb(Object(Config\Paths))
CRITICAL - 2024-10-21 10:25:30 --> ErrorException: Attempt to read property "subcategorythree_name" on string
[Method: GET, Route: sub-category-data/21]
in APPPATH\Views\category\post-form.php on line 106.
 1 APPPATH\Views\category\post-form.php(106): CodeIgniter\Debug\Exceptions->errorHandler(2, 'Attempt to read property "subcategorythree_name" on string', 'C:\\laragon\\www\\dealsmandi\\app\\Views\\category\\post-form.php', 106)
 2 SYSTEMPATH\View\View.php(234): include('C:\\laragon\\www\\dealsmandi\\app\\Views\\category\\post-form.php')
 3 SYSTEMPATH\View\View.php(237): CodeIgniter\View\View->CodeIgniter\View\{closure}()
 4 SYSTEMPATH\Common.php(1171): CodeIgniter\View\View->render('category/post-form', [], true)
 5 APPPATH\Controllers\CategoryController.php(89): view('category/post-form', [...])
 6 SYSTEMPATH\CodeIgniter.php(933): App\Controllers\CategoryController->subCategoryChange('21')
 7 SYSTEMPATH\CodeIgniter.php(509): CodeIgniter\CodeIgniter->runController(Object(App\Controllers\CategoryController))
 8 SYSTEMPATH\CodeIgniter.php(355): CodeIgniter\CodeIgniter->handleRequest(null, Object(Config\Cache), false)
 9 SYSTEMPATH\Boot.php(325): CodeIgniter\CodeIgniter->run()
10 SYSTEMPATH\Boot.php(67): CodeIgniter\Boot::runCodeIgniter(Object(CodeIgniter\CodeIgniter))
11 FCPATH\index.php(56): CodeIgniter\Boot::bootWeb(Object(Config\Paths))
CRITICAL - 2024-10-21 10:25:33 --> ErrorException: Attempt to read property "subcategorythree_name" on string
[Method: GET, Route: sub-category-data/21]
in APPPATH\Views\category\post-form.php on line 106.
 1 APPPATH\Views\category\post-form.php(106): CodeIgniter\Debug\Exceptions->errorHandler(2, 'Attempt to read property "subcategorythree_name" on string', 'C:\\laragon\\www\\dealsmandi\\app\\Views\\category\\post-form.php', 106)
 2 SYSTEMPATH\View\View.php(234): include('C:\\laragon\\www\\dealsmandi\\app\\Views\\category\\post-form.php')
 3 SYSTEMPATH\View\View.php(237): CodeIgniter\View\View->CodeIgniter\View\{closure}()
 4 SYSTEMPATH\Common.php(1171): CodeIgniter\View\View->render('category/post-form', [], true)
 5 APPPATH\Controllers\CategoryController.php(89): view('category/post-form', [...])
 6 SYSTEMPATH\CodeIgniter.php(933): App\Controllers\CategoryController->subCategoryChange('21')
 7 SYSTEMPATH\CodeIgniter.php(509): CodeIgniter\CodeIgniter->runController(Object(App\Controllers\CategoryController))
 8 SYSTEMPATH\CodeIgniter.php(355): CodeIgniter\CodeIgniter->handleRequest(null, Object(Config\Cache), false)
 9 SYSTEMPATH\Boot.php(325): CodeIgniter\CodeIgniter->run()
10 SYSTEMPATH\Boot.php(67): CodeIgniter\Boot::runCodeIgniter(Object(CodeIgniter\CodeIgniter))
11 FCPATH\index.php(56): CodeIgniter\Boot::bootWeb(Object(Config\Paths))
CRITICAL - 2024-10-21 10:26:31 --> ErrorException: Attempt to read property "subcategorythree_name" on string
[Method: GET, Route: sub-category-data/21]
in APPPATH\Views\category\post-form.php on line 106.
 1 APPPATH\Views\category\post-form.php(106): CodeIgniter\Debug\Exceptions->errorHandler(2, 'Attempt to read property "subcategorythree_name" on string', 'C:\\laragon\\www\\dealsmandi\\app\\Views\\category\\post-form.php', 106)
 2 SYSTEMPATH\View\View.php(234): include('C:\\laragon\\www\\dealsmandi\\app\\Views\\category\\post-form.php')
 3 SYSTEMPATH\View\View.php(237): CodeIgniter\View\View->CodeIgniter\View\{closure}()
 4 SYSTEMPATH\Common.php(1171): CodeIgniter\View\View->render('category/post-form', [], true)
 5 APPPATH\Controllers\CategoryController.php(89): view('category/post-form', [...])
 6 SYSTEMPATH\CodeIgniter.php(933): App\Controllers\CategoryController->subCategoryChange('21')
 7 SYSTEMPATH\CodeIgniter.php(509): CodeIgniter\CodeIgniter->runController(Object(App\Controllers\CategoryController))
 8 SYSTEMPATH\CodeIgniter.php(355): CodeIgniter\CodeIgniter->handleRequest(null, Object(Config\Cache), false)
 9 SYSTEMPATH\Boot.php(325): CodeIgniter\CodeIgniter->run()
10 SYSTEMPATH\Boot.php(67): CodeIgniter\Boot::runCodeIgniter(Object(CodeIgniter\CodeIgniter))
11 FCPATH\index.php(56): CodeIgniter\Boot::bootWeb(Object(Config\Paths))
CRITICAL - 2024-10-21 10:26:34 --> ErrorException: Attempt to read property "subcategorythree_name" on string
[Method: GET, Route: sub-category-data/21]
in APPPATH\Views\category\post-form.php on line 106.
 1 APPPATH\Views\category\post-form.php(106): CodeIgniter\Debug\Exceptions->errorHandler(2, 'Attempt to read property "subcategorythree_name" on string', 'C:\\laragon\\www\\dealsmandi\\app\\Views\\category\\post-form.php', 106)
 2 SYSTEMPATH\View\View.php(234): include('C:\\laragon\\www\\dealsmandi\\app\\Views\\category\\post-form.php')
 3 SYSTEMPATH\View\View.php(237): CodeIgniter\View\View->CodeIgniter\View\{closure}()
 4 SYSTEMPATH\Common.php(1171): CodeIgniter\View\View->render('category/post-form', [], true)
 5 APPPATH\Controllers\CategoryController.php(89): view('category/post-form', [...])
 6 SYSTEMPATH\CodeIgniter.php(933): App\Controllers\CategoryController->subCategoryChange('21')
 7 SYSTEMPATH\CodeIgniter.php(509): CodeIgniter\CodeIgniter->runController(Object(App\Controllers\CategoryController))
 8 SYSTEMPATH\CodeIgniter.php(355): CodeIgniter\CodeIgniter->handleRequest(null, Object(Config\Cache), false)
 9 SYSTEMPATH\Boot.php(325): CodeIgniter\CodeIgniter->run()
10 SYSTEMPATH\Boot.php(67): CodeIgniter\Boot::runCodeIgniter(Object(CodeIgniter\CodeIgniter))
11 FCPATH\index.php(56): CodeIgniter\Boot::bootWeb(Object(Config\Paths))
CRITICAL - 2024-10-21 10:30:59 --> ErrorException: Attempt to read property "subcategorythree_name" on string
[Method: GET, Route: sub-category-data/21]
in APPPATH\Views\category\post-form.php on line 106.
 1 APPPATH\Views\category\post-form.php(106): CodeIgniter\Debug\Exceptions->errorHandler(2, 'Attempt to read property "subcategorythree_name" on string', 'C:\\laragon\\www\\dealsmandi\\app\\Views\\category\\post-form.php', 106)
 2 SYSTEMPATH\View\View.php(234): include('C:\\laragon\\www\\dealsmandi\\app\\Views\\category\\post-form.php')
 3 SYSTEMPATH\View\View.php(237): CodeIgniter\View\View->CodeIgniter\View\{closure}()
 4 SYSTEMPATH\Common.php(1171): CodeIgniter\View\View->render('category/post-form', [], true)
 5 APPPATH\Controllers\CategoryController.php(89): view('category/post-form', [...])
 6 SYSTEMPATH\CodeIgniter.php(933): App\Controllers\CategoryController->subCategoryChange('21')
 7 SYSTEMPATH\CodeIgniter.php(509): CodeIgniter\CodeIgniter->runController(Object(App\Controllers\CategoryController))
 8 SYSTEMPATH\CodeIgniter.php(355): CodeIgniter\CodeIgniter->handleRequest(null, Object(Config\Cache), false)
 9 SYSTEMPATH\Boot.php(325): CodeIgniter\CodeIgniter->run()
10 SYSTEMPATH\Boot.php(67): CodeIgniter\Boot::runCodeIgniter(Object(CodeIgniter\CodeIgniter))
11 FCPATH\index.php(56): CodeIgniter\Boot::bootWeb(Object(Config\Paths))
CRITICAL - 2024-10-21 10:33:10 --> ErrorException: Attempt to read property "subcategorythree_name" on string
[Method: GET, Route: sub-category-data/21]
in APPPATH\Views\category\post-form.php on line 106.
 1 APPPATH\Views\category\post-form.php(106): CodeIgniter\Debug\Exceptions->errorHandler(2, 'Attempt to read property "subcategorythree_name" on string', 'C:\\laragon\\www\\dealsmandi\\app\\Views\\category\\post-form.php', 106)
 2 SYSTEMPATH\View\View.php(234): include('C:\\laragon\\www\\dealsmandi\\app\\Views\\category\\post-form.php')
 3 SYSTEMPATH\View\View.php(237): CodeIgniter\View\View->CodeIgniter\View\{closure}()
 4 SYSTEMPATH\Common.php(1171): CodeIgniter\View\View->render('category/post-form', [], true)
 5 APPPATH\Controllers\CategoryController.php(89): view('category/post-form', [...])
 6 SYSTEMPATH\CodeIgniter.php(933): App\Controllers\CategoryController->subCategoryChange('21')
 7 SYSTEMPATH\CodeIgniter.php(509): CodeIgniter\CodeIgniter->runController(Object(App\Controllers\CategoryController))
 8 SYSTEMPATH\CodeIgniter.php(355): CodeIgniter\CodeIgniter->handleRequest(null, Object(Config\Cache), false)
 9 SYSTEMPATH\Boot.php(325): CodeIgniter\CodeIgniter->run()
10 SYSTEMPATH\Boot.php(67): CodeIgniter\Boot::runCodeIgniter(Object(CodeIgniter\CodeIgniter))
11 FCPATH\index.php(56): CodeIgniter\Boot::bootWeb(Object(Config\Paths))
CRITICAL - 2024-10-21 10:33:34 --> ErrorException: Attempt to read property "subcategorythree_name" on string
[Method: GET, Route: sub-category-data/21]
in APPPATH\Views\category\post-form.php on line 106.
 1 APPPATH\Views\category\post-form.php(106): CodeIgniter\Debug\Exceptions->errorHandler(2, 'Attempt to read property "subcategorythree_name" on string', 'C:\\laragon\\www\\dealsmandi\\app\\Views\\category\\post-form.php', 106)
 2 SYSTEMPATH\View\View.php(234): include('C:\\laragon\\www\\dealsmandi\\app\\Views\\category\\post-form.php')
 3 SYSTEMPATH\View\View.php(237): CodeIgniter\View\View->CodeIgniter\View\{closure}()
 4 SYSTEMPATH\Common.php(1171): CodeIgniter\View\View->render('category/post-form', [], true)
 5 APPPATH\Controllers\CategoryController.php(89): view('category/post-form', [...])
 6 SYSTEMPATH\CodeIgniter.php(933): App\Controllers\CategoryController->subCategoryChange('21')
 7 SYSTEMPATH\CodeIgniter.php(509): CodeIgniter\CodeIgniter->runController(Object(App\Controllers\CategoryController))
 8 SYSTEMPATH\CodeIgniter.php(355): CodeIgniter\CodeIgniter->handleRequest(null, Object(Config\Cache), false)
 9 SYSTEMPATH\Boot.php(325): CodeIgniter\CodeIgniter->run()
10 SYSTEMPATH\Boot.php(67): CodeIgniter\Boot::runCodeIgniter(Object(CodeIgniter\CodeIgniter))
11 FCPATH\index.php(56): CodeIgniter\Boot::bootWeb(Object(Config\Paths))
CRITICAL - 2024-10-21 10:33:38 --> ErrorException: Attempt to read property "subcategorythree_name" on string
[Method: GET, Route: sub-category-data/21]
in APPPATH\Views\category\post-form.php on line 106.
 1 APPPATH\Views\category\post-form.php(106): CodeIgniter\Debug\Exceptions->errorHandler(2, 'Attempt to read property "subcategorythree_name" on string', 'C:\\laragon\\www\\dealsmandi\\app\\Views\\category\\post-form.php', 106)
 2 SYSTEMPATH\View\View.php(234): include('C:\\laragon\\www\\dealsmandi\\app\\Views\\category\\post-form.php')
 3 SYSTEMPATH\View\View.php(237): CodeIgniter\View\View->CodeIgniter\View\{closure}()
 4 SYSTEMPATH\Common.php(1171): CodeIgniter\View\View->render('category/post-form', [], true)
 5 APPPATH\Controllers\CategoryController.php(89): view('category/post-form', [...])
 6 SYSTEMPATH\CodeIgniter.php(933): App\Controllers\CategoryController->subCategoryChange('21')
 7 SYSTEMPATH\CodeIgniter.php(509): CodeIgniter\CodeIgniter->runController(Object(App\Controllers\CategoryController))
 8 SYSTEMPATH\CodeIgniter.php(355): CodeIgniter\CodeIgniter->handleRequest(null, Object(Config\Cache), false)
 9 SYSTEMPATH\Boot.php(325): CodeIgniter\CodeIgniter->run()
10 SYSTEMPATH\Boot.php(67): CodeIgniter\Boot::runCodeIgniter(Object(CodeIgniter\CodeIgniter))
11 FCPATH\index.php(56): CodeIgniter\Boot::bootWeb(Object(Config\Paths))
CRITICAL - 2024-10-21 10:34:00 --> ErrorException: Attempt to read property "subcategorythree_name" on string
[Method: GET, Route: sub-category-data/21]
in APPPATH\Views\category\post-form.php on line 106.
 1 APPPATH\Views\category\post-form.php(106): CodeIgniter\Debug\Exceptions->errorHandler(2, 'Attempt to read property "subcategorythree_name" on string', 'C:\\laragon\\www\\dealsmandi\\app\\Views\\category\\post-form.php', 106)
 2 SYSTEMPATH\View\View.php(234): include('C:\\laragon\\www\\dealsmandi\\app\\Views\\category\\post-form.php')
 3 SYSTEMPATH\View\View.php(237): CodeIgniter\View\View->CodeIgniter\View\{closure}()
 4 SYSTEMPATH\Common.php(1171): CodeIgniter\View\View->render('category/post-form', [], true)
 5 APPPATH\Controllers\CategoryController.php(89): view('category/post-form', [...])
 6 SYSTEMPATH\CodeIgniter.php(933): App\Controllers\CategoryController->subCategoryChange('21')
 7 SYSTEMPATH\CodeIgniter.php(509): CodeIgniter\CodeIgniter->runController(Object(App\Controllers\CategoryController))
 8 SYSTEMPATH\CodeIgniter.php(355): CodeIgniter\CodeIgniter->handleRequest(null, Object(Config\Cache), false)
 9 SYSTEMPATH\Boot.php(325): CodeIgniter\CodeIgniter->run()
10 SYSTEMPATH\Boot.php(67): CodeIgniter\Boot::runCodeIgniter(Object(CodeIgniter\CodeIgniter))
11 FCPATH\index.php(56): CodeIgniter\Boot::bootWeb(Object(Config\Paths))
CRITICAL - 2024-10-21 10:34:03 --> ErrorException: Attempt to read property "subcategorythree_name" on string
[Method: GET, Route: sub-category-data/21]
in APPPATH\Views\category\post-form.php on line 106.
 1 APPPATH\Views\category\post-form.php(106): CodeIgniter\Debug\Exceptions->errorHandler(2, 'Attempt to read property "subcategorythree_name" on string', 'C:\\laragon\\www\\dealsmandi\\app\\Views\\category\\post-form.php', 106)
 2 SYSTEMPATH\View\View.php(234): include('C:\\laragon\\www\\dealsmandi\\app\\Views\\category\\post-form.php')
 3 SYSTEMPATH\View\View.php(237): CodeIgniter\View\View->CodeIgniter\View\{closure}()
 4 SYSTEMPATH\Common.php(1171): CodeIgniter\View\View->render('category/post-form', [], true)
 5 APPPATH\Controllers\CategoryController.php(89): view('category/post-form', [...])
 6 SYSTEMPATH\CodeIgniter.php(933): App\Controllers\CategoryController->subCategoryChange('21')
 7 SYSTEMPATH\CodeIgniter.php(509): CodeIgniter\CodeIgniter->runController(Object(App\Controllers\CategoryController))
 8 SYSTEMPATH\CodeIgniter.php(355): CodeIgniter\CodeIgniter->handleRequest(null, Object(Config\Cache), false)
 9 SYSTEMPATH\Boot.php(325): CodeIgniter\CodeIgniter->run()
10 SYSTEMPATH\Boot.php(67): CodeIgniter\Boot::runCodeIgniter(Object(CodeIgniter\CodeIgniter))
11 FCPATH\index.php(56): CodeIgniter\Boot::bootWeb(Object(Config\Paths))
CRITICAL - 2024-10-21 10:34:04 --> ErrorException: Attempt to read property "subcategorythree_name" on string
[Method: GET, Route: sub-category-data/21]
in APPPATH\Views\category\post-form.php on line 106.
 1 APPPATH\Views\category\post-form.php(106): CodeIgniter\Debug\Exceptions->errorHandler(2, 'Attempt to read property "subcategorythree_name" on string', 'C:\\laragon\\www\\dealsmandi\\app\\Views\\category\\post-form.php', 106)
 2 SYSTEMPATH\View\View.php(234): include('C:\\laragon\\www\\dealsmandi\\app\\Views\\category\\post-form.php')
 3 SYSTEMPATH\View\View.php(237): CodeIgniter\View\View->CodeIgniter\View\{closure}()
 4 SYSTEMPATH\Common.php(1171): CodeIgniter\View\View->render('category/post-form', [], true)
 5 APPPATH\Controllers\CategoryController.php(89): view('category/post-form', [...])
 6 SYSTEMPATH\CodeIgniter.php(933): App\Controllers\CategoryController->subCategoryChange('21')
 7 SYSTEMPATH\CodeIgniter.php(509): CodeIgniter\CodeIgniter->runController(Object(App\Controllers\CategoryController))
 8 SYSTEMPATH\CodeIgniter.php(355): CodeIgniter\CodeIgniter->handleRequest(null, Object(Config\Cache), false)
 9 SYSTEMPATH\Boot.php(325): CodeIgniter\CodeIgniter->run()
10 SYSTEMPATH\Boot.php(67): CodeIgniter\Boot::runCodeIgniter(Object(CodeIgniter\CodeIgniter))
11 FCPATH\index.php(56): CodeIgniter\Boot::bootWeb(Object(Config\Paths))
CRITICAL - 2024-10-21 10:34:05 --> ErrorException: Attempt to read property "subcategorythree_name" on string
[Method: GET, Route: sub-category-data/21]
in APPPATH\Views\category\post-form.php on line 106.
 1 APPPATH\Views\category\post-form.php(106): CodeIgniter\Debug\Exceptions->errorHandler(2, 'Attempt to read property "subcategorythree_name" on string', 'C:\\laragon\\www\\dealsmandi\\app\\Views\\category\\post-form.php', 106)
 2 SYSTEMPATH\View\View.php(234): include('C:\\laragon\\www\\dealsmandi\\app\\Views\\category\\post-form.php')
 3 SYSTEMPATH\View\View.php(237): CodeIgniter\View\View->CodeIgniter\View\{closure}()
 4 SYSTEMPATH\Common.php(1171): CodeIgniter\View\View->render('category/post-form', [], true)
 5 APPPATH\Controllers\CategoryController.php(89): view('category/post-form', [...])
 6 SYSTEMPATH\CodeIgniter.php(933): App\Controllers\CategoryController->subCategoryChange('21')
 7 SYSTEMPATH\CodeIgniter.php(509): CodeIgniter\CodeIgniter->runController(Object(App\Controllers\CategoryController))
 8 SYSTEMPATH\CodeIgniter.php(355): CodeIgniter\CodeIgniter->handleRequest(null, Object(Config\Cache), false)
 9 SYSTEMPATH\Boot.php(325): CodeIgniter\CodeIgniter->run()
10 SYSTEMPATH\Boot.php(67): CodeIgniter\Boot::runCodeIgniter(Object(CodeIgniter\CodeIgniter))
11 FCPATH\index.php(56): CodeIgniter\Boot::bootWeb(Object(Config\Paths))
CRITICAL - 2024-10-21 10:54:01 --> ErrorException: Attempt to read property "subcategorythree_name" on string
[Method: GET, Route: sub-category-data/21]
in APPPATH\Views\category\post-form.php on line 106.
 1 APPPATH\Views\category\post-form.php(106): CodeIgniter\Debug\Exceptions->errorHandler(2, 'Attempt to read property "subcategorythree_name" on string', 'C:\\laragon\\www\\dealsmandi\\app\\Views\\category\\post-form.php', 106)
 2 SYSTEMPATH\View\View.php(234): include('C:\\laragon\\www\\dealsmandi\\app\\Views\\category\\post-form.php')
 3 SYSTEMPATH\View\View.php(237): CodeIgniter\View\View->CodeIgniter\View\{closure}()
 4 SYSTEMPATH\Common.php(1171): CodeIgniter\View\View->render('category/post-form', [], true)
 5 APPPATH\Controllers\CategoryController.php(89): view('category/post-form', [...])
 6 SYSTEMPATH\CodeIgniter.php(933): App\Controllers\CategoryController->subCategoryChange('21')
 7 SYSTEMPATH\CodeIgniter.php(509): CodeIgniter\CodeIgniter->runController(Object(App\Controllers\CategoryController))
 8 SYSTEMPATH\CodeIgniter.php(355): CodeIgniter\CodeIgniter->handleRequest(null, Object(Config\Cache), false)
 9 SYSTEMPATH\Boot.php(325): CodeIgniter\CodeIgniter->run()
10 SYSTEMPATH\Boot.php(67): CodeIgniter\Boot::runCodeIgniter(Object(CodeIgniter\CodeIgniter))
11 FCPATH\index.php(56): CodeIgniter\Boot::bootWeb(Object(Config\Paths))
CRITICAL - 2024-10-21 10:55:36 --> ErrorException: Attempt to read property "subcategorythree_name" on string
[Method: GET, Route: sub-category-data/21]
in APPPATH\Views\category\post-form.php on line 106.
 1 APPPATH\Views\category\post-form.php(106): CodeIgniter\Debug\Exceptions->errorHandler(2, 'Attempt to read property "subcategorythree_name" on string', 'C:\\laragon\\www\\dealsmandi\\app\\Views\\category\\post-form.php', 106)
 2 SYSTEMPATH\View\View.php(234): include('C:\\laragon\\www\\dealsmandi\\app\\Views\\category\\post-form.php')
 3 SYSTEMPATH\View\View.php(237): CodeIgniter\View\View->CodeIgniter\View\{closure}()
 4 SYSTEMPATH\Common.php(1171): CodeIgniter\View\View->render('category/post-form', [], true)
 5 APPPATH\Controllers\CategoryController.php(89): view('category/post-form', [...])
 6 SYSTEMPATH\CodeIgniter.php(933): App\Controllers\CategoryController->subCategoryChange('21')
 7 SYSTEMPATH\CodeIgniter.php(509): CodeIgniter\CodeIgniter->runController(Object(App\Controllers\CategoryController))
 8 SYSTEMPATH\CodeIgniter.php(355): CodeIgniter\CodeIgniter->handleRequest(null, Object(Config\Cache), false)
 9 SYSTEMPATH\Boot.php(325): CodeIgniter\CodeIgniter->run()
10 SYSTEMPATH\Boot.php(67): CodeIgniter\Boot::runCodeIgniter(Object(CodeIgniter\CodeIgniter))
11 FCPATH\index.php(56): CodeIgniter\Boot::bootWeb(Object(Config\Paths))
CRITICAL - 2024-10-21 10:55:39 --> ErrorException: Attempt to read property "subcategorythree_name" on string
[Method: GET, Route: sub-category-data/21]
in APPPATH\Views\category\post-form.php on line 106.
 1 APPPATH\Views\category\post-form.php(106): CodeIgniter\Debug\Exceptions->errorHandler(2, 'Attempt to read property "subcategorythree_name" on string', 'C:\\laragon\\www\\dealsmandi\\app\\Views\\category\\post-form.php', 106)
 2 SYSTEMPATH\View\View.php(234): include('C:\\laragon\\www\\dealsmandi\\app\\Views\\category\\post-form.php')
 3 SYSTEMPATH\View\View.php(237): CodeIgniter\View\View->CodeIgniter\View\{closure}()
 4 SYSTEMPATH\Common.php(1171): CodeIgniter\View\View->render('category/post-form', [], true)
 5 APPPATH\Controllers\CategoryController.php(89): view('category/post-form', [...])
 6 SYSTEMPATH\CodeIgniter.php(933): App\Controllers\CategoryController->subCategoryChange('21')
 7 SYSTEMPATH\CodeIgniter.php(509): CodeIgniter\CodeIgniter->runController(Object(App\Controllers\CategoryController))
 8 SYSTEMPATH\CodeIgniter.php(355): CodeIgniter\CodeIgniter->handleRequest(null, Object(Config\Cache), false)
 9 SYSTEMPATH\Boot.php(325): CodeIgniter\CodeIgniter->run()
10 SYSTEMPATH\Boot.php(67): CodeIgniter\Boot::runCodeIgniter(Object(CodeIgniter\CodeIgniter))
11 FCPATH\index.php(56): CodeIgniter\Boot::bootWeb(Object(Config\Paths))
CRITICAL - 2024-10-21 10:55:40 --> ErrorException: Attempt to read property "subcategorythree_name" on string
[Method: GET, Route: sub-category-data/21]
in APPPATH\Views\category\post-form.php on line 106.
 1 APPPATH\Views\category\post-form.php(106): CodeIgniter\Debug\Exceptions->errorHandler(2, 'Attempt to read property "subcategorythree_name" on string', 'C:\\laragon\\www\\dealsmandi\\app\\Views\\category\\post-form.php', 106)
 2 SYSTEMPATH\View\View.php(234): include('C:\\laragon\\www\\dealsmandi\\app\\Views\\category\\post-form.php')
 3 SYSTEMPATH\View\View.php(237): CodeIgniter\View\View->CodeIgniter\View\{closure}()
 4 SYSTEMPATH\Common.php(1171): CodeIgniter\View\View->render('category/post-form', [], true)
 5 APPPATH\Controllers\CategoryController.php(89): view('category/post-form', [...])
 6 SYSTEMPATH\CodeIgniter.php(933): App\Controllers\CategoryController->subCategoryChange('21')
 7 SYSTEMPATH\CodeIgniter.php(509): CodeIgniter\CodeIgniter->runController(Object(App\Controllers\CategoryController))
 8 SYSTEMPATH\CodeIgniter.php(355): CodeIgniter\CodeIgniter->handleRequest(null, Object(Config\Cache), false)
 9 SYSTEMPATH\Boot.php(325): CodeIgniter\CodeIgniter->run()
10 SYSTEMPATH\Boot.php(67): CodeIgniter\Boot::runCodeIgniter(Object(CodeIgniter\CodeIgniter))
11 FCPATH\index.php(56): CodeIgniter\Boot::bootWeb(Object(Config\Paths))
CRITICAL - 2024-10-21 10:55:42 --> ErrorException: Attempt to read property "subcategorythree_name" on string
[Method: GET, Route: sub-category-data/21]
in APPPATH\Views\category\post-form.php on line 106.
 1 APPPATH\Views\category\post-form.php(106): CodeIgniter\Debug\Exceptions->errorHandler(2, 'Attempt to read property "subcategorythree_name" on string', 'C:\\laragon\\www\\dealsmandi\\app\\Views\\category\\post-form.php', 106)
 2 SYSTEMPATH\View\View.php(234): include('C:\\laragon\\www\\dealsmandi\\app\\Views\\category\\post-form.php')
 3 SYSTEMPATH\View\View.php(237): CodeIgniter\View\View->CodeIgniter\View\{closure}()
 4 SYSTEMPATH\Common.php(1171): CodeIgniter\View\View->render('category/post-form', [], true)
 5 APPPATH\Controllers\CategoryController.php(89): view('category/post-form', [...])
 6 SYSTEMPATH\CodeIgniter.php(933): App\Controllers\CategoryController->subCategoryChange('21')
 7 SYSTEMPATH\CodeIgniter.php(509): CodeIgniter\CodeIgniter->runController(Object(App\Controllers\CategoryController))
 8 SYSTEMPATH\CodeIgniter.php(355): CodeIgniter\CodeIgniter->handleRequest(null, Object(Config\Cache), false)
 9 SYSTEMPATH\Boot.php(325): CodeIgniter\CodeIgniter->run()
10 SYSTEMPATH\Boot.php(67): CodeIgniter\Boot::runCodeIgniter(Object(CodeIgniter\CodeIgniter))
11 FCPATH\index.php(56): CodeIgniter\Boot::bootWeb(Object(Config\Paths))
CRITICAL - 2024-10-21 10:56:26 --> ErrorException: Attempt to read property "subcategorythree_name" on string
[Method: GET, Route: sub-category-data/21]
in APPPATH\Views\category\post-form.php on line 118.
 1 APPPATH\Views\category\post-form.php(118): CodeIgniter\Debug\Exceptions->errorHandler(2, 'Attempt to read property "subcategorythree_name" on string', 'C:\\laragon\\www\\dealsmandi\\app\\Views\\category\\post-form.php', 118)
 2 SYSTEMPATH\View\View.php(234): include('C:\\laragon\\www\\dealsmandi\\app\\Views\\category\\post-form.php')
 3 SYSTEMPATH\View\View.php(237): CodeIgniter\View\View->CodeIgniter\View\{closure}()
 4 SYSTEMPATH\Common.php(1171): CodeIgniter\View\View->render('category/post-form', [], true)
 5 APPPATH\Controllers\CategoryController.php(89): view('category/post-form', [...])
 6 SYSTEMPATH\CodeIgniter.php(933): App\Controllers\CategoryController->subCategoryChange('21')
 7 SYSTEMPATH\CodeIgniter.php(509): CodeIgniter\CodeIgniter->runController(Object(App\Controllers\CategoryController))
 8 SYSTEMPATH\CodeIgniter.php(355): CodeIgniter\CodeIgniter->handleRequest(null, Object(Config\Cache), false)
 9 SYSTEMPATH\Boot.php(325): CodeIgniter\CodeIgniter->run()
10 SYSTEMPATH\Boot.php(67): CodeIgniter\Boot::runCodeIgniter(Object(CodeIgniter\CodeIgniter))
11 FCPATH\index.php(56): CodeIgniter\Boot::bootWeb(Object(Config\Paths))
CRITICAL - 2024-10-21 11:15:20 --> ParseError: syntax error, unexpected token ")"
[Method: GET, Route: exchange-data/2]
in APPPATH\Views\category\post-form.php on line 50.
 1 SYSTEMPATH\View\View.php(237): CodeIgniter\View\View->CodeIgniter\View\{closure}()
 2 SYSTEMPATH\Common.php(1171): CodeIgniter\View\View->render('category/post-form', [], true)
 3 APPPATH\Controllers\CategoryController.php(76): view('category/post-form', [...])
 4 SYSTEMPATH\CodeIgniter.php(933): App\Controllers\CategoryController->exChange('2')
 5 SYSTEMPATH\CodeIgniter.php(509): CodeIgniter\CodeIgniter->runController(Object(App\Controllers\CategoryController))
 6 SYSTEMPATH\CodeIgniter.php(355): CodeIgniter\CodeIgniter->handleRequest(null, Object(Config\Cache), false)
 7 SYSTEMPATH\Boot.php(325): CodeIgniter\CodeIgniter->run()
 8 SYSTEMPATH\Boot.php(67): CodeIgniter\Boot::runCodeIgniter(Object(CodeIgniter\CodeIgniter))
 9 FCPATH\index.php(56): CodeIgniter\Boot::bootWeb(Object(Config\Paths))
CRITICAL - 2024-10-21 11:15:37 --> ParseError: syntax error, unexpected token ")"
[Method: GET, Route: exchange-data/2]
in APPPATH\Views\category\post-form.php on line 50.
 1 SYSTEMPATH\View\View.php(237): CodeIgniter\View\View->CodeIgniter\View\{closure}()
 2 SYSTEMPATH\Common.php(1171): CodeIgniter\View\View->render('category/post-form', [], true)
 3 APPPATH\Controllers\CategoryController.php(76): view('category/post-form', [...])
 4 SYSTEMPATH\CodeIgniter.php(933): App\Controllers\CategoryController->exChange('2')
 5 SYSTEMPATH\CodeIgniter.php(509): CodeIgniter\CodeIgniter->runController(Object(App\Controllers\CategoryController))
 6 SYSTEMPATH\CodeIgniter.php(355): CodeIgniter\CodeIgniter->handleRequest(null, Object(Config\Cache), false)
 7 SYSTEMPATH\Boot.php(325): CodeIgniter\CodeIgniter->run()
 8 SYSTEMPATH\Boot.php(67): CodeIgniter\Boot::runCodeIgniter(Object(CodeIgniter\CodeIgniter))
 9 FCPATH\index.php(56): CodeIgniter\Boot::bootWeb(Object(Config\Paths))
CRITICAL - 2024-10-21 11:15:44 --> ParseError: syntax error, unexpected token "endif", expecting end of file
[Method: GET, Route: exchange-data/2]
in APPPATH\Views\category\post-form.php on line 255.
 1 SYSTEMPATH\View\View.php(237): CodeIgniter\View\View->CodeIgniter\View\{closure}()
 2 SYSTEMPATH\Common.php(1171): CodeIgniter\View\View->render('category/post-form', [], true)
 3 APPPATH\Controllers\CategoryController.php(76): view('category/post-form', [...])
 4 SYSTEMPATH\CodeIgniter.php(933): App\Controllers\CategoryController->exChange('2')
 5 SYSTEMPATH\CodeIgniter.php(509): CodeIgniter\CodeIgniter->runController(Object(App\Controllers\CategoryController))
 6 SYSTEMPATH\CodeIgniter.php(355): CodeIgniter\CodeIgniter->handleRequest(null, Object(Config\Cache), false)
 7 SYSTEMPATH\Boot.php(325): CodeIgniter\CodeIgniter->run()
 8 SYSTEMPATH\Boot.php(67): CodeIgniter\Boot::runCodeIgniter(Object(CodeIgniter\CodeIgniter))
 9 FCPATH\index.php(56): CodeIgniter\Boot::bootWeb(Object(Config\Paths))
CRITICAL - 2024-10-21 11:38:08 --> ParseError: syntax error, unexpected token "endif", expecting end of file
[Method: GET, Route: exchange-data/3]
in APPPATH\Views\category\post-form.php on line 255.
 1 SYSTEMPATH\View\View.php(237): CodeIgniter\View\View->CodeIgniter\View\{closure}()
 2 SYSTEMPATH\Common.php(1171): CodeIgniter\View\View->render('category/post-form', [], true)
 3 APPPATH\Controllers\CategoryController.php(76): view('category/post-form', [...])
 4 SYSTEMPATH\CodeIgniter.php(933): App\Controllers\CategoryController->exChange('3')
 5 SYSTEMPATH\CodeIgniter.php(509): CodeIgniter\CodeIgniter->runController(Object(App\Controllers\CategoryController))
 6 SYSTEMPATH\CodeIgniter.php(355): CodeIgniter\CodeIgniter->handleRequest(null, Object(Config\Cache), false)
 7 SYSTEMPATH\Boot.php(325): CodeIgniter\CodeIgniter->run()
 8 SYSTEMPATH\Boot.php(67): CodeIgniter\Boot::runCodeIgniter(Object(CodeIgniter\CodeIgniter))
 9 FCPATH\index.php(56): CodeIgniter\Boot::bootWeb(Object(Config\Paths))
CRITICAL - 2024-10-21 11:46:17 --> ParseError: syntax error, unexpected token ":"
[Method: GET, Route: exchange-data/3]
in APPPATH\Views\category\post-form.php on line 70.
 1 SYSTEMPATH\View\View.php(237): CodeIgniter\View\View->CodeIgniter\View\{closure}()
 2 SYSTEMPATH\Common.php(1171): CodeIgniter\View\View->render('category/post-form', [], true)
 3 APPPATH\Controllers\CategoryController.php(76): view('category/post-form', [...])
 4 SYSTEMPATH\CodeIgniter.php(933): App\Controllers\CategoryController->exChange('3')
 5 SYSTEMPATH\CodeIgniter.php(509): CodeIgniter\CodeIgniter->runController(Object(App\Controllers\CategoryController))
 6 SYSTEMPATH\CodeIgniter.php(355): CodeIgniter\CodeIgniter->handleRequest(null, Object(Config\Cache), false)
 7 SYSTEMPATH\Boot.php(325): CodeIgniter\CodeIgniter->run()
 8 SYSTEMPATH\Boot.php(67): CodeIgniter\Boot::runCodeIgniter(Object(CodeIgniter\CodeIgniter))
 9 FCPATH\index.php(56): CodeIgniter\Boot::bootWeb(Object(Config\Paths))
CRITICAL - 2024-10-21 19:58:07 --> ParseError: syntax error, unexpected end of file, expecting "elseif" or "else" or "endif"
[Method: GET, Route: sub-category-data/25]
in APPPATH\Views\category\post-form.php on line 594.
 1 SYSTEMPATH\View\View.php(237): CodeIgniter\View\View->CodeIgniter\View\{closure}()
 2 SYSTEMPATH\Common.php(1171): CodeIgniter\View\View->render('category/post-form', [], true)
 3 APPPATH\Controllers\CategoryController.php(89): view('category/post-form', [...])
 4 SYSTEMPATH\CodeIgniter.php(933): App\Controllers\CategoryController->subCategoryChange('25')
 5 SYSTEMPATH\CodeIgniter.php(509): CodeIgniter\CodeIgniter->runController(Object(App\Controllers\CategoryController))
 6 SYSTEMPATH\CodeIgniter.php(355): CodeIgniter\CodeIgniter->handleRequest(null, Object(Config\Cache), false)
 7 SYSTEMPATH\Boot.php(325): CodeIgniter\CodeIgniter->run()
 8 SYSTEMPATH\Boot.php(67): CodeIgniter\Boot::runCodeIgniter(Object(CodeIgniter\CodeIgniter))
 9 FCPATH\index.php(56): CodeIgniter\Boot::bootWeb(Object(Config\Paths))
