INFO - 2024-10-18 10:02:09 --> Session: Class initialized using 'CodeIgniter\Session\Handlers\FileHandler' driver.
WARNING - 2024-10-18 10:02:09 --> Session: Sessions is enabled, and one exists. Please don't $session->start();
INFO - 2024-10-18 10:34:06 --> Session: Class initialized using 'CodeIgniter\Session\Handlers\FileHandler' driver.
WARNING - 2024-10-18 10:34:06 --> Session: Sessions is enabled, and one exists. Please don't $session->start();
INFO - 2024-10-18 10:43:12 --> Session: Class initialized using 'CodeIgniter\Session\Handlers\FileHandler' driver.
WARNING - 2024-10-18 10:43:12 --> Session: Sessions is enabled, and one exists. Please don't $session->start();
CRITICAL - 2024-10-18 11:13:59 --> ErrorException: Undefined variable $title
[Method: GET, Route: category-list]
in APPPATH\Views\main-layout.php on line 5.
 1 APPPATH\Views\main-layout.php(5): CodeIgniter\Debug\Exceptions->errorHandler(2, 'Undefined variable $title', 'C:\\laragon\\www\\dealsmandi\\app\\Views\\main-layout.php', 5)
 2 SYSTEMPATH\View\View.php(234): include('C:\\laragon\\www\\dealsmandi\\app\\Views\\main-layout.php')
 3 SYSTEMPATH\View\View.php(237): CodeIgniter\View\View->CodeIgniter\View\{closure}()
 4 SYSTEMPATH\Common.php(1171): CodeIgniter\View\View->render('main-layout', [], true)
 5 APPPATH\Controllers\CategoryController.php(12): view('main-layout')
 6 SYSTEMPATH\CodeIgniter.php(933): App\Controllers\CategoryController->index()
 7 SYSTEMPATH\CodeIgniter.php(509): CodeIgniter\CodeIgniter->runController(Object(App\Controllers\CategoryController))
 8 SYSTEMPATH\CodeIgniter.php(355): CodeIgniter\CodeIgniter->handleRequest(null, Object(Config\Cache), false)
 9 SYSTEMPATH\Boot.php(325): CodeIgniter\CodeIgniter->run()
10 SYSTEMPATH\Boot.php(67): CodeIgniter\Boot::runCodeIgniter(Object(CodeIgniter\CodeIgniter))
11 FCPATH\index.php(57): CodeIgniter\Boot::bootWeb(Object(Config\Paths))
12 SYSTEMPATH\rewrite.php(44): require_once('C:\\laragon\\www\\dealsmandi\\public\\index.php')
CRITICAL - 2024-10-18 11:14:31 --> ErrorException: Undefined variable $title
[Method: GET, Route: category-list]
in APPPATH\Views\main-layout.php on line 5.
 1 APPPATH\Views\main-layout.php(5): CodeIgniter\Debug\Exceptions->errorHandler(2, 'Undefined variable $title', 'C:\\laragon\\www\\dealsmandi\\app\\Views\\main-layout.php', 5)
 2 SYSTEMPATH\View\View.php(234): include('C:\\laragon\\www\\dealsmandi\\app\\Views\\main-layout.php')
 3 SYSTEMPATH\View\View.php(237): CodeIgniter\View\View->CodeIgniter\View\{closure}()
 4 SYSTEMPATH\Common.php(1171): CodeIgniter\View\View->render('main-layout', [], true)
 5 APPPATH\Controllers\CategoryController.php(12): view('main-layout')
 6 SYSTEMPATH\CodeIgniter.php(933): App\Controllers\CategoryController->index()
 7 SYSTEMPATH\CodeIgniter.php(509): CodeIgniter\CodeIgniter->runController(Object(App\Controllers\CategoryController))
 8 SYSTEMPATH\CodeIgniter.php(355): CodeIgniter\CodeIgniter->handleRequest(null, Object(Config\Cache), false)
 9 SYSTEMPATH\Boot.php(325): CodeIgniter\CodeIgniter->run()
10 SYSTEMPATH\Boot.php(67): CodeIgniter\Boot::runCodeIgniter(Object(CodeIgniter\CodeIgniter))
11 FCPATH\index.php(57): CodeIgniter\Boot::bootWeb(Object(Config\Paths))
12 SYSTEMPATH\rewrite.php(44): require_once('C:\\laragon\\www\\dealsmandi\\public\\index.php')
CRITICAL - 2024-10-18 11:14:54 --> ErrorException: Undefined variable $title
[Method: GET, Route: category-list]
in APPPATH\Views\main-layout.php on line 5.
 1 APPPATH\Views\main-layout.php(5): CodeIgniter\Debug\Exceptions->errorHandler(2, 'Undefined variable $title', 'C:\\laragon\\www\\dealsmandi\\app\\Views\\main-layout.php', 5)
 2 SYSTEMPATH\View\View.php(234): include('C:\\laragon\\www\\dealsmandi\\app\\Views\\main-layout.php')
 3 SYSTEMPATH\View\View.php(237): CodeIgniter\View\View->CodeIgniter\View\{closure}()
 4 SYSTEMPATH\Common.php(1171): CodeIgniter\View\View->render('main-layout', [], true)
 5 APPPATH\Controllers\CategoryController.php(12): view('main-layout')
 6 SYSTEMPATH\CodeIgniter.php(933): App\Controllers\CategoryController->index()
 7 SYSTEMPATH\CodeIgniter.php(509): CodeIgniter\CodeIgniter->runController(Object(App\Controllers\CategoryController))
 8 SYSTEMPATH\CodeIgniter.php(355): CodeIgniter\CodeIgniter->handleRequest(null, Object(Config\Cache), false)
 9 SYSTEMPATH\Boot.php(325): CodeIgniter\CodeIgniter->run()
10 SYSTEMPATH\Boot.php(67): CodeIgniter\Boot::runCodeIgniter(Object(CodeIgniter\CodeIgniter))
11 FCPATH\index.php(57): CodeIgniter\Boot::bootWeb(Object(Config\Paths))
12 SYSTEMPATH\rewrite.php(44): require_once('C:\\laragon\\www\\dealsmandi\\public\\index.php')
CRITICAL - 2024-10-18 11:22:41 --> ErrorException: Undefined variable $list_cities
[Method: GET, Route: category-list]
in APPPATH\Views\header\header.php on line 115.
 1 APPPATH\Views\header\header.php(115): CodeIgniter\Debug\Exceptions->errorHandler(2, 'Undefined variable $list_cities', 'C:\\laragon\\www\\dealsmandi\\app\\Views\\header\\header.php', 115)
 2 APPPATH\Views\main-layout.php(6): include('C:\\laragon\\www\\dealsmandi\\app\\Views\\header\\header.php')
 3 SYSTEMPATH\View\View.php(234): include('C:\\laragon\\www\\dealsmandi\\app\\Views\\main-layout.php')
 4 SYSTEMPATH\View\View.php(237): CodeIgniter\View\View->CodeIgniter\View\{closure}()
 5 SYSTEMPATH\Common.php(1171): CodeIgniter\View\View->render('main-layout', [], true)
 6 APPPATH\Controllers\CategoryController.php(12): view('main-layout')
 7 SYSTEMPATH\CodeIgniter.php(933): App\Controllers\CategoryController->index()
 8 SYSTEMPATH\CodeIgniter.php(509): CodeIgniter\CodeIgniter->runController(Object(App\Controllers\CategoryController))
 9 SYSTEMPATH\CodeIgniter.php(355): CodeIgniter\CodeIgniter->handleRequest(null, Object(Config\Cache), false)
10 SYSTEMPATH\Boot.php(325): CodeIgniter\CodeIgniter->run()
11 SYSTEMPATH\Boot.php(67): CodeIgniter\Boot::runCodeIgniter(Object(CodeIgniter\CodeIgniter))
12 FCPATH\index.php(57): CodeIgniter\Boot::bootWeb(Object(Config\Paths))
13 SYSTEMPATH\rewrite.php(44): require_once('C:\\laragon\\www\\dealsmandi\\public\\index.php')
CRITICAL - 2024-10-18 11:35:57 --> ErrorException: Undefined variable $list_cities
[Method: GET, Route: category-list]
in APPPATH\Views\header\header.php on line 115.
 1 APPPATH\Views\header\header.php(115): CodeIgniter\Debug\Exceptions->errorHandler(2, 'Undefined variable $list_cities', 'C:\\laragon\\www\\dealsmandi\\app\\Views\\header\\header.php', 115)
 2 APPPATH\Views\main-layout.php(13): include('C:\\laragon\\www\\dealsmandi\\app\\Views\\header\\header.php')
 3 SYSTEMPATH\View\View.php(234): include('C:\\laragon\\www\\dealsmandi\\app\\Views\\main-layout.php')
 4 SYSTEMPATH\View\View.php(237): CodeIgniter\View\View->CodeIgniter\View\{closure}()
 5 SYSTEMPATH\Common.php(1171): CodeIgniter\View\View->render('main-layout', [], true)
 6 APPPATH\Controllers\CategoryController.php(12): view('main-layout')
 7 SYSTEMPATH\CodeIgniter.php(933): App\Controllers\CategoryController->index()
 8 SYSTEMPATH\CodeIgniter.php(509): CodeIgniter\CodeIgniter->runController(Object(App\Controllers\CategoryController))
 9 SYSTEMPATH\CodeIgniter.php(355): CodeIgniter\CodeIgniter->handleRequest(null, Object(Config\Cache), false)
10 SYSTEMPATH\Boot.php(325): CodeIgniter\CodeIgniter->run()
11 SYSTEMPATH\Boot.php(67): CodeIgniter\Boot::runCodeIgniter(Object(CodeIgniter\CodeIgniter))
12 FCPATH\index.php(57): CodeIgniter\Boot::bootWeb(Object(Config\Paths))
13 SYSTEMPATH\rewrite.php(44): require_once('C:\\laragon\\www\\dealsmandi\\public\\index.php')
CRITICAL - 2024-10-18 11:36:11 --> ErrorException: Undefined variable $list_cities
[Method: GET, Route: category-list]
in APPPATH\Views\header\header.php on line 115.
 1 APPPATH\Views\header\header.php(115): CodeIgniter\Debug\Exceptions->errorHandler(2, 'Undefined variable $list_cities', 'C:\\laragon\\www\\dealsmandi\\app\\Views\\header\\header.php', 115)
 2 APPPATH\Views\main-layout.php(13): include('C:\\laragon\\www\\dealsmandi\\app\\Views\\header\\header.php')
 3 SYSTEMPATH\View\View.php(234): include('C:\\laragon\\www\\dealsmandi\\app\\Views\\main-layout.php')
 4 SYSTEMPATH\View\View.php(237): CodeIgniter\View\View->CodeIgniter\View\{closure}()
 5 SYSTEMPATH\Common.php(1171): CodeIgniter\View\View->render('main-layout', [], true)
 6 APPPATH\Controllers\CategoryController.php(12): view('main-layout')
 7 SYSTEMPATH\CodeIgniter.php(933): App\Controllers\CategoryController->index()
 8 SYSTEMPATH\CodeIgniter.php(509): CodeIgniter\CodeIgniter->runController(Object(App\Controllers\CategoryController))
 9 SYSTEMPATH\CodeIgniter.php(355): CodeIgniter\CodeIgniter->handleRequest(null, Object(Config\Cache), false)
10 SYSTEMPATH\Boot.php(325): CodeIgniter\CodeIgniter->run()
11 SYSTEMPATH\Boot.php(67): CodeIgniter\Boot::runCodeIgniter(Object(CodeIgniter\CodeIgniter))
12 FCPATH\index.php(57): CodeIgniter\Boot::bootWeb(Object(Config\Paths))
13 SYSTEMPATH\rewrite.php(44): require_once('C:\\laragon\\www\\dealsmandi\\public\\index.php')
CRITICAL - 2024-10-18 11:39:11 --> ErrorException: Undefined variable $list_cities
[Method: GET, Route: category-list]
in APPPATH\Views\header\header.php on line 115.
 1 APPPATH\Views\header\header.php(115): CodeIgniter\Debug\Exceptions->errorHandler(2, 'Undefined variable $list_cities', 'C:\\laragon\\www\\dealsmandi\\app\\Views\\header\\header.php', 115)
 2 APPPATH\Views\main-layout.php(13): include('C:\\laragon\\www\\dealsmandi\\app\\Views\\header\\header.php')
 3 SYSTEMPATH\View\View.php(234): include('C:\\laragon\\www\\dealsmandi\\app\\Views\\main-layout.php')
 4 SYSTEMPATH\View\View.php(237): CodeIgniter\View\View->CodeIgniter\View\{closure}()
 5 SYSTEMPATH\Common.php(1171): CodeIgniter\View\View->render('main-layout', [], true)
 6 APPPATH\Controllers\CategoryController.php(25): view('main-layout')
 7 SYSTEMPATH\CodeIgniter.php(933): App\Controllers\CategoryController->index()
 8 SYSTEMPATH\CodeIgniter.php(509): CodeIgniter\CodeIgniter->runController(Object(App\Controllers\CategoryController))
 9 SYSTEMPATH\CodeIgniter.php(355): CodeIgniter\CodeIgniter->handleRequest(null, Object(Config\Cache), false)
10 SYSTEMPATH\Boot.php(325): CodeIgniter\CodeIgniter->run()
11 SYSTEMPATH\Boot.php(67): CodeIgniter\Boot::runCodeIgniter(Object(CodeIgniter\CodeIgniter))
12 FCPATH\index.php(57): CodeIgniter\Boot::bootWeb(Object(Config\Paths))
13 SYSTEMPATH\rewrite.php(44): require_once('C:\\laragon\\www\\dealsmandi\\public\\index.php')
CRITICAL - 2024-10-18 11:39:20 --> ErrorException: Undefined variable $list_cities
[Method: GET, Route: category-list]
in APPPATH\Views\header\header.php on line 115.
 1 APPPATH\Views\header\header.php(115): CodeIgniter\Debug\Exceptions->errorHandler(2, 'Undefined variable $list_cities', 'C:\\laragon\\www\\dealsmandi\\app\\Views\\header\\header.php', 115)
 2 APPPATH\Views\main-layout.php(13): include('C:\\laragon\\www\\dealsmandi\\app\\Views\\header\\header.php')
 3 SYSTEMPATH\View\View.php(234): include('C:\\laragon\\www\\dealsmandi\\app\\Views\\main-layout.php')
 4 SYSTEMPATH\View\View.php(237): CodeIgniter\View\View->CodeIgniter\View\{closure}()
 5 SYSTEMPATH\Common.php(1171): CodeIgniter\View\View->render('main-layout', [], true)
 6 APPPATH\Controllers\CategoryController.php(25): view('main-layout')
 7 SYSTEMPATH\CodeIgniter.php(933): App\Controllers\CategoryController->index()
 8 SYSTEMPATH\CodeIgniter.php(509): CodeIgniter\CodeIgniter->runController(Object(App\Controllers\CategoryController))
 9 SYSTEMPATH\CodeIgniter.php(355): CodeIgniter\CodeIgniter->handleRequest(null, Object(Config\Cache), false)
10 SYSTEMPATH\Boot.php(325): CodeIgniter\CodeIgniter->run()
11 SYSTEMPATH\Boot.php(67): CodeIgniter\Boot::runCodeIgniter(Object(CodeIgniter\CodeIgniter))
12 FCPATH\index.php(57): CodeIgniter\Boot::bootWeb(Object(Config\Paths))
13 SYSTEMPATH\rewrite.php(44): require_once('C:\\laragon\\www\\dealsmandi\\public\\index.php')
CRITICAL - 2024-10-18 12:09:09 --> ErrorException: Attempt to read property "category_name" on array
[Method: GET, Route: category-list]
in APPPATH\Controllers\CategoryController.php on line 16.
 1 APPPATH\Controllers\CategoryController.php(16): CodeIgniter\Debug\Exceptions->errorHandler(2, 'Attempt to read property "category_name" on array', 'C:\\laragon\\www\\dealsmandi\\app\\Controllers\\CategoryController.php', 16)
 2 SYSTEMPATH\CodeIgniter.php(933): App\Controllers\CategoryController->index()
 3 SYSTEMPATH\CodeIgniter.php(509): CodeIgniter\CodeIgniter->runController(Object(App\Controllers\CategoryController))
 4 SYSTEMPATH\CodeIgniter.php(355): CodeIgniter\CodeIgniter->handleRequest(null, Object(Config\Cache), false)
 5 SYSTEMPATH\Boot.php(325): CodeIgniter\CodeIgniter->run()
 6 SYSTEMPATH\Boot.php(67): CodeIgniter\Boot::runCodeIgniter(Object(CodeIgniter\CodeIgniter))
 7 FCPATH\index.php(57): CodeIgniter\Boot::bootWeb(Object(Config\Paths))
 8 SYSTEMPATH\rewrite.php(44): require_once('C:\\laragon\\www\\dealsmandi\\public\\index.php')
CRITICAL - 2024-10-18 12:14:18 --> ErrorException: Undefined array key "name"
[Method: GET, Route: category-list]
in APPPATH\Views\category\category-list.php on line 76.
 1 APPPATH\Views\category\category-list.php(76): CodeIgniter\Debug\Exceptions->errorHandler(2, 'Undefined array key "name"', 'C:\\laragon\\www\\dealsmandi\\app\\Views\\category\\category-list.php', 76)
 2 SYSTEMPATH\View\View.php(234): include('C:\\laragon\\www\\dealsmandi\\app\\Views\\category\\category-list.php')
 3 SYSTEMPATH\View\View.php(237): CodeIgniter\View\View->CodeIgniter\View\{closure}()
 4 SYSTEMPATH\Common.php(1171): CodeIgniter\View\View->render('category/category-list', [], true)
 5 APPPATH\Controllers\CategoryController.php(16): view('category/category-list', [...])
 6 SYSTEMPATH\CodeIgniter.php(933): App\Controllers\CategoryController->index()
 7 SYSTEMPATH\CodeIgniter.php(509): CodeIgniter\CodeIgniter->runController(Object(App\Controllers\CategoryController))
 8 SYSTEMPATH\CodeIgniter.php(355): CodeIgniter\CodeIgniter->handleRequest(null, Object(Config\Cache), false)
 9 SYSTEMPATH\Boot.php(325): CodeIgniter\CodeIgniter->run()
10 SYSTEMPATH\Boot.php(67): CodeIgniter\Boot::runCodeIgniter(Object(CodeIgniter\CodeIgniter))
11 FCPATH\index.php(57): CodeIgniter\Boot::bootWeb(Object(Config\Paths))
12 SYSTEMPATH\rewrite.php(44): require_once('C:\\laragon\\www\\dealsmandi\\public\\index.php')
CRITICAL - 2024-10-18 16:41:53 --> ErrorException: Undefined variable $title
[Method: GET, Route: category-list]
in APPPATH\Views\category\index.php on line 6.
 1 APPPATH\Views\category\index.php(6): CodeIgniter\Debug\Exceptions->errorHandler(2, 'Undefined variable $title', 'C:\\laragon\\www\\dealsmandi\\app\\Views\\category\\index.php', 6)
 2 SYSTEMPATH\View\View.php(234): include('C:\\laragon\\www\\dealsmandi\\app\\Views\\category\\index.php')
 3 SYSTEMPATH\View\View.php(237): CodeIgniter\View\View->CodeIgniter\View\{closure}()
 4 SYSTEMPATH\Common.php(1171): CodeIgniter\View\View->render('category/index', [], true)
 5 APPPATH\Controllers\CategoryController.php(15): view('category/index')
 6 SYSTEMPATH\CodeIgniter.php(933): App\Controllers\CategoryController->index()
 7 SYSTEMPATH\CodeIgniter.php(509): CodeIgniter\CodeIgniter->runController(Object(App\Controllers\CategoryController))
 8 SYSTEMPATH\CodeIgniter.php(355): CodeIgniter\CodeIgniter->handleRequest(null, Object(Config\Cache), false)
 9 SYSTEMPATH\Boot.php(325): CodeIgniter\CodeIgniter->run()
10 SYSTEMPATH\Boot.php(67): CodeIgniter\Boot::runCodeIgniter(Object(CodeIgniter\CodeIgniter))
11 FCPATH\index.php(57): CodeIgniter\Boot::bootWeb(Object(Config\Paths))
12 SYSTEMPATH\rewrite.php(44): require_once('C:\\laragon\\www\\dealsmandi\\public\\index.php')
CRITICAL - 2024-10-18 16:47:10 --> ErrorException: Undefined variable $title
[Method: GET, Route: category-list]
in APPPATH\Views\category\index.php on line 6.
 1 APPPATH\Views\category\index.php(6): CodeIgniter\Debug\Exceptions->errorHandler(2, 'Undefined variable $title', 'C:\\laragon\\www\\dealsmandi\\app\\Views\\category\\index.php', 6)
 2 SYSTEMPATH\View\View.php(234): include('C:\\laragon\\www\\dealsmandi\\app\\Views\\category\\index.php')
 3 SYSTEMPATH\View\View.php(237): CodeIgniter\View\View->CodeIgniter\View\{closure}()
 4 SYSTEMPATH\Common.php(1171): CodeIgniter\View\View->render('category/index', [], true)
 5 APPPATH\Controllers\CategoryController.php(15): view('category/index')
 6 SYSTEMPATH\CodeIgniter.php(933): App\Controllers\CategoryController->index()
 7 SYSTEMPATH\CodeIgniter.php(509): CodeIgniter\CodeIgniter->runController(Object(App\Controllers\CategoryController))
 8 SYSTEMPATH\CodeIgniter.php(355): CodeIgniter\CodeIgniter->handleRequest(null, Object(Config\Cache), false)
 9 SYSTEMPATH\Boot.php(325): CodeIgniter\CodeIgniter->run()
10 SYSTEMPATH\Boot.php(67): CodeIgniter\Boot::runCodeIgniter(Object(CodeIgniter\CodeIgniter))
11 FCPATH\index.php(57): CodeIgniter\Boot::bootWeb(Object(Config\Paths))
12 SYSTEMPATH\rewrite.php(44): require_once('C:\\laragon\\www\\dealsmandi\\public\\index.php')
CRITICAL - 2024-10-18 16:47:43 --> ErrorException: Undefined variable $title
[Method: GET, Route: category-list]
in APPPATH\Views\category\index.php on line 6.
 1 APPPATH\Views\category\index.php(6): CodeIgniter\Debug\Exceptions->errorHandler(2, 'Undefined variable $title', 'C:\\laragon\\www\\dealsmandi\\app\\Views\\category\\index.php', 6)
 2 SYSTEMPATH\View\View.php(234): include('C:\\laragon\\www\\dealsmandi\\app\\Views\\category\\index.php')
 3 SYSTEMPATH\View\View.php(237): CodeIgniter\View\View->CodeIgniter\View\{closure}()
 4 SYSTEMPATH\View\View.php(250): CodeIgniter\View\View->render('category/index', [], true)
 5 SYSTEMPATH\Common.php(1171): CodeIgniter\View\View->render('category/post-list', [], true)
 6 APPPATH\Controllers\CategoryController.php(16): view('category/post-list', [...])
 7 SYSTEMPATH\CodeIgniter.php(933): App\Controllers\CategoryController->index()
 8 SYSTEMPATH\CodeIgniter.php(509): CodeIgniter\CodeIgniter->runController(Object(App\Controllers\CategoryController))
 9 SYSTEMPATH\CodeIgniter.php(355): CodeIgniter\CodeIgniter->handleRequest(null, Object(Config\Cache), false)
10 SYSTEMPATH\Boot.php(325): CodeIgniter\CodeIgniter->run()
11 SYSTEMPATH\Boot.php(67): CodeIgniter\Boot::runCodeIgniter(Object(CodeIgniter\CodeIgniter))
12 FCPATH\index.php(57): CodeIgniter\Boot::bootWeb(Object(Config\Paths))
13 SYSTEMPATH\rewrite.php(44): require_once('C:\\laragon\\www\\dealsmandi\\public\\index.php')
CRITICAL - 2024-10-18 16:47:57 --> ErrorException: Undefined variable $title
[Method: GET, Route: category-list]
in APPPATH\Views\category\index.php on line 6.
 1 APPPATH\Views\category\index.php(6): CodeIgniter\Debug\Exceptions->errorHandler(2, 'Undefined variable $title', 'C:\\laragon\\www\\dealsmandi\\app\\Views\\category\\index.php', 6)
 2 SYSTEMPATH\View\View.php(234): include('C:\\laragon\\www\\dealsmandi\\app\\Views\\category\\index.php')
 3 SYSTEMPATH\View\View.php(237): CodeIgniter\View\View->CodeIgniter\View\{closure}()
 4 SYSTEMPATH\View\View.php(250): CodeIgniter\View\View->render('category/index', [], true)
 5 SYSTEMPATH\Common.php(1171): CodeIgniter\View\View->render('category/post-list', [], true)
 6 APPPATH\Controllers\CategoryController.php(16): view('category/post-list', [...])
 7 SYSTEMPATH\CodeIgniter.php(933): App\Controllers\CategoryController->index()
 8 SYSTEMPATH\CodeIgniter.php(509): CodeIgniter\CodeIgniter->runController(Object(App\Controllers\CategoryController))
 9 SYSTEMPATH\CodeIgniter.php(355): CodeIgniter\CodeIgniter->handleRequest(null, Object(Config\Cache), false)
10 SYSTEMPATH\Boot.php(325): CodeIgniter\CodeIgniter->run()
11 SYSTEMPATH\Boot.php(67): CodeIgniter\Boot::runCodeIgniter(Object(CodeIgniter\CodeIgniter))
12 FCPATH\index.php(57): CodeIgniter\Boot::bootWeb(Object(Config\Paths))
13 SYSTEMPATH\rewrite.php(44): require_once('C:\\laragon\\www\\dealsmandi\\public\\index.php')
CRITICAL - 2024-10-18 17:35:54 --> ErrorException: Undefined variable $title
[Method: GET, Route: post/8]
in APPPATH\Views\category\index.php on line 6.
 1 APPPATH\Views\category\index.php(6): CodeIgniter\Debug\Exceptions->errorHandler(2, 'Undefined variable $title', 'C:\\laragon\\www\\dealsmandi\\app\\Views\\category\\index.php', 6)
 2 SYSTEMPATH\View\View.php(234): include('C:\\laragon\\www\\dealsmandi\\app\\Views\\category\\index.php')
 3 SYSTEMPATH\View\View.php(237): CodeIgniter\View\View->CodeIgniter\View\{closure}()
 4 SYSTEMPATH\View\View.php(250): CodeIgniter\View\View->render('category/index', [], true)
 5 SYSTEMPATH\Common.php(1171): CodeIgniter\View\View->render('category/sub-post', [], true)
 6 APPPATH\Controllers\CategoryController.php(23): view('category/sub-post')
 7 SYSTEMPATH\CodeIgniter.php(933): App\Controllers\CategoryController->show('8')
 8 SYSTEMPATH\CodeIgniter.php(509): CodeIgniter\CodeIgniter->runController(Object(App\Controllers\CategoryController))
 9 SYSTEMPATH\CodeIgniter.php(355): CodeIgniter\CodeIgniter->handleRequest(null, Object(Config\Cache), false)
10 SYSTEMPATH\Boot.php(325): CodeIgniter\CodeIgniter->run()
11 SYSTEMPATH\Boot.php(67): CodeIgniter\Boot::runCodeIgniter(Object(CodeIgniter\CodeIgniter))
12 FCPATH\index.php(56): CodeIgniter\Boot::bootWeb(Object(Config\Paths))
CRITICAL - 2024-10-18 17:36:21 --> ErrorException: Undefined variable $title
[Method: GET, Route: post/8]
in APPPATH\Views\category\index.php on line 6.
 1 APPPATH\Views\category\index.php(6): CodeIgniter\Debug\Exceptions->errorHandler(2, 'Undefined variable $title', 'C:\\laragon\\www\\dealsmandi\\app\\Views\\category\\index.php', 6)
 2 SYSTEMPATH\View\View.php(234): include('C:\\laragon\\www\\dealsmandi\\app\\Views\\category\\index.php')
 3 SYSTEMPATH\View\View.php(237): CodeIgniter\View\View->CodeIgniter\View\{closure}()
 4 SYSTEMPATH\View\View.php(250): CodeIgniter\View\View->render('category/index', [], true)
 5 SYSTEMPATH\Common.php(1171): CodeIgniter\View\View->render('category/sub-post', [], true)
 6 APPPATH\Controllers\CategoryController.php(23): view('category/sub-post', [...])
 7 SYSTEMPATH\CodeIgniter.php(933): App\Controllers\CategoryController->show('8')
 8 SYSTEMPATH\CodeIgniter.php(509): CodeIgniter\CodeIgniter->runController(Object(App\Controllers\CategoryController))
 9 SYSTEMPATH\CodeIgniter.php(355): CodeIgniter\CodeIgniter->handleRequest(null, Object(Config\Cache), false)
10 SYSTEMPATH\Boot.php(325): CodeIgniter\CodeIgniter->run()
11 SYSTEMPATH\Boot.php(67): CodeIgniter\Boot::runCodeIgniter(Object(CodeIgniter\CodeIgniter))
12 FCPATH\index.php(56): CodeIgniter\Boot::bootWeb(Object(Config\Paths))
CRITICAL - 2024-10-18 17:36:29 --> ErrorException: Undefined variable $title
[Method: GET, Route: post/12]
in APPPATH\Views\category\index.php on line 6.
 1 APPPATH\Views\category\index.php(6): CodeIgniter\Debug\Exceptions->errorHandler(2, 'Undefined variable $title', 'C:\\laragon\\www\\dealsmandi\\app\\Views\\category\\index.php', 6)
 2 SYSTEMPATH\View\View.php(234): include('C:\\laragon\\www\\dealsmandi\\app\\Views\\category\\index.php')
 3 SYSTEMPATH\View\View.php(237): CodeIgniter\View\View->CodeIgniter\View\{closure}()
 4 SYSTEMPATH\View\View.php(250): CodeIgniter\View\View->render('category/index', [], true)
 5 SYSTEMPATH\Common.php(1171): CodeIgniter\View\View->render('category/sub-post', [], true)
 6 APPPATH\Controllers\CategoryController.php(23): view('category/sub-post', [...])
 7 SYSTEMPATH\CodeIgniter.php(933): App\Controllers\CategoryController->show('12')
 8 SYSTEMPATH\CodeIgniter.php(509): CodeIgniter\CodeIgniter->runController(Object(App\Controllers\CategoryController))
 9 SYSTEMPATH\CodeIgniter.php(355): CodeIgniter\CodeIgniter->handleRequest(null, Object(Config\Cache), false)
10 SYSTEMPATH\Boot.php(325): CodeIgniter\CodeIgniter->run()
11 SYSTEMPATH\Boot.php(67): CodeIgniter\Boot::runCodeIgniter(Object(CodeIgniter\CodeIgniter))
12 FCPATH\index.php(56): CodeIgniter\Boot::bootWeb(Object(Config\Paths))
CRITICAL - 2024-10-18 18:06:01 --> ErrorException: Array to string conversion
[Method: GET, Route: /]
in APPPATH\Controllers\Home.php on line 17.
 1 APPPATH\Controllers\Home.php(17): CodeIgniter\Debug\Exceptions->errorHandler(2, 'Array to string conversion', 'C:\\laragon\\www\\dealsmandi\\app\\Controllers\\Home.php', 17)
 2 SYSTEMPATH\CodeIgniter.php(933): App\Controllers\Home->index()
 3 SYSTEMPATH\CodeIgniter.php(509): CodeIgniter\CodeIgniter->runController(Object(App\Controllers\Home))
 4 SYSTEMPATH\CodeIgniter.php(355): CodeIgniter\CodeIgniter->handleRequest(null, Object(Config\Cache), false)
 5 SYSTEMPATH\Boot.php(325): CodeIgniter\CodeIgniter->run()
 6 SYSTEMPATH\Boot.php(67): CodeIgniter\Boot::runCodeIgniter(Object(CodeIgniter\CodeIgniter))
 7 FCPATH\index.php(57): CodeIgniter\Boot::bootWeb(Object(Config\Paths))
 8 SYSTEMPATH\rewrite.php(44): require_once('C:\\laragon\\www\\dealsmandi\\public\\index.php')
CRITICAL - 2024-10-18 18:06:04 --> ErrorException: Array to string conversion
[Method: GET, Route: /]
in APPPATH\Controllers\Home.php on line 17.
 1 APPPATH\Controllers\Home.php(17): CodeIgniter\Debug\Exceptions->errorHandler(2, 'Array to string conversion', 'C:\\laragon\\www\\dealsmandi\\app\\Controllers\\Home.php', 17)
 2 SYSTEMPATH\CodeIgniter.php(933): App\Controllers\Home->index()
 3 SYSTEMPATH\CodeIgniter.php(509): CodeIgniter\CodeIgniter->runController(Object(App\Controllers\Home))
 4 SYSTEMPATH\CodeIgniter.php(355): CodeIgniter\CodeIgniter->handleRequest(null, Object(Config\Cache), false)
 5 SYSTEMPATH\Boot.php(325): CodeIgniter\CodeIgniter->run()
 6 SYSTEMPATH\Boot.php(67): CodeIgniter\Boot::runCodeIgniter(Object(CodeIgniter\CodeIgniter))
 7 FCPATH\index.php(57): CodeIgniter\Boot::bootWeb(Object(Config\Paths))
 8 SYSTEMPATH\rewrite.php(44): require_once('C:\\laragon\\www\\dealsmandi\\public\\index.php')
CRITICAL - 2024-10-18 18:07:22 --> ErrorException: Undefined array key "category_name"
[Method: GET, Route: /]
in APPPATH\Controllers\Home.php on line 17.
 1 APPPATH\Controllers\Home.php(17): CodeIgniter\Debug\Exceptions->errorHandler(2, 'Undefined array key "category_name"', 'C:\\laragon\\www\\dealsmandi\\app\\Controllers\\Home.php', 17)
 2 SYSTEMPATH\CodeIgniter.php(933): App\Controllers\Home->index()
 3 SYSTEMPATH\CodeIgniter.php(509): CodeIgniter\CodeIgniter->runController(Object(App\Controllers\Home))
 4 SYSTEMPATH\CodeIgniter.php(355): CodeIgniter\CodeIgniter->handleRequest(null, Object(Config\Cache), false)
 5 SYSTEMPATH\Boot.php(325): CodeIgniter\CodeIgniter->run()
 6 SYSTEMPATH\Boot.php(67): CodeIgniter\Boot::runCodeIgniter(Object(CodeIgniter\CodeIgniter))
 7 FCPATH\index.php(57): CodeIgniter\Boot::bootWeb(Object(Config\Paths))
 8 SYSTEMPATH\rewrite.php(44): require_once('C:\\laragon\\www\\dealsmandi\\public\\index.php')
CRITICAL - 2024-10-18 18:08:09 --> Error: Cannot use object of type stdClass as array
[Method: GET, Route: /]
in APPPATH\Controllers\Home.php on line 18.
 1 SYSTEMPATH\CodeIgniter.php(933): App\Controllers\Home->index()
 2 SYSTEMPATH\CodeIgniter.php(509): CodeIgniter\CodeIgniter->runController(Object(App\Controllers\Home))
 3 SYSTEMPATH\CodeIgniter.php(355): CodeIgniter\CodeIgniter->handleRequest(null, Object(Config\Cache), false)
 4 SYSTEMPATH\Boot.php(325): CodeIgniter\CodeIgniter->run()
 5 SYSTEMPATH\Boot.php(67): CodeIgniter\Boot::runCodeIgniter(Object(CodeIgniter\CodeIgniter))
 6 FCPATH\index.php(57): CodeIgniter\Boot::bootWeb(Object(Config\Paths))
 7 SYSTEMPATH\rewrite.php(44): require_once('C:\\laragon\\www\\dealsmandi\\public\\index.php')
CRITICAL - 2024-10-18 18:08:10 --> Error: Cannot use object of type stdClass as array
[Method: GET, Route: /]
in APPPATH\Controllers\Home.php on line 18.
 1 SYSTEMPATH\CodeIgniter.php(933): App\Controllers\Home->index()
 2 SYSTEMPATH\CodeIgniter.php(509): CodeIgniter\CodeIgniter->runController(Object(App\Controllers\Home))
 3 SYSTEMPATH\CodeIgniter.php(355): CodeIgniter\CodeIgniter->handleRequest(null, Object(Config\Cache), false)
 4 SYSTEMPATH\Boot.php(325): CodeIgniter\CodeIgniter->run()
 5 SYSTEMPATH\Boot.php(67): CodeIgniter\Boot::runCodeIgniter(Object(CodeIgniter\CodeIgniter))
 6 FCPATH\index.php(57): CodeIgniter\Boot::bootWeb(Object(Config\Paths))
 7 SYSTEMPATH\rewrite.php(44): require_once('C:\\laragon\\www\\dealsmandi\\public\\index.php')
CRITICAL - 2024-10-18 18:08:13 --> Error: Cannot use object of type stdClass as array
[Method: GET, Route: /]
in APPPATH\Controllers\Home.php on line 18.
 1 SYSTEMPATH\CodeIgniter.php(933): App\Controllers\Home->index()
 2 SYSTEMPATH\CodeIgniter.php(509): CodeIgniter\CodeIgniter->runController(Object(App\Controllers\Home))
 3 SYSTEMPATH\CodeIgniter.php(355): CodeIgniter\CodeIgniter->handleRequest(null, Object(Config\Cache), false)
 4 SYSTEMPATH\Boot.php(325): CodeIgniter\CodeIgniter->run()
 5 SYSTEMPATH\Boot.php(67): CodeIgniter\Boot::runCodeIgniter(Object(CodeIgniter\CodeIgniter))
 6 FCPATH\index.php(57): CodeIgniter\Boot::bootWeb(Object(Config\Paths))
 7 SYSTEMPATH\rewrite.php(44): require_once('C:\\laragon\\www\\dealsmandi\\public\\index.php')
CRITICAL - 2024-10-18 18:08:21 --> Error: Cannot use object of type stdClass as array
[Method: GET, Route: /]
in APPPATH\Controllers\Home.php on line 18.
 1 SYSTEMPATH\CodeIgniter.php(933): App\Controllers\Home->index()
 2 SYSTEMPATH\CodeIgniter.php(509): CodeIgniter\CodeIgniter->runController(Object(App\Controllers\Home))
 3 SYSTEMPATH\CodeIgniter.php(355): CodeIgniter\CodeIgniter->handleRequest(null, Object(Config\Cache), false)
 4 SYSTEMPATH\Boot.php(325): CodeIgniter\CodeIgniter->run()
 5 SYSTEMPATH\Boot.php(67): CodeIgniter\Boot::runCodeIgniter(Object(CodeIgniter\CodeIgniter))
 6 FCPATH\index.php(57): CodeIgniter\Boot::bootWeb(Object(Config\Paths))
 7 SYSTEMPATH\rewrite.php(44): require_once('C:\\laragon\\www\\dealsmandi\\public\\index.php')
CRITICAL - 2024-10-18 18:09:19 --> TypeError: get_object_vars(): Argument #1 ($object) must be of type object, array given
[Method: GET, Route: /]
in APPPATH\Controllers\Home.php on line 17.
 1 APPPATH\Controllers\Home.php(17): get_object_vars([...])
 2 SYSTEMPATH\CodeIgniter.php(933): App\Controllers\Home->index()
 3 SYSTEMPATH\CodeIgniter.php(509): CodeIgniter\CodeIgniter->runController(Object(App\Controllers\Home))
 4 SYSTEMPATH\CodeIgniter.php(355): CodeIgniter\CodeIgniter->handleRequest(null, Object(Config\Cache), false)
 5 SYSTEMPATH\Boot.php(325): CodeIgniter\CodeIgniter->run()
 6 SYSTEMPATH\Boot.php(67): CodeIgniter\Boot::runCodeIgniter(Object(CodeIgniter\CodeIgniter))
 7 FCPATH\index.php(57): CodeIgniter\Boot::bootWeb(Object(Config\Paths))
 8 SYSTEMPATH\rewrite.php(44): require_once('C:\\laragon\\www\\dealsmandi\\public\\index.php')
CRITICAL - 2024-10-18 18:11:55 --> Error: Object of class stdClass could not be converted to string
[Method: GET, Route: /]
in APPPATH\Controllers\Home.php on line 18.
 1 SYSTEMPATH\CodeIgniter.php(933): App\Controllers\Home->index()
 2 SYSTEMPATH\CodeIgniter.php(509): CodeIgniter\CodeIgniter->runController(Object(App\Controllers\Home))
 3 SYSTEMPATH\CodeIgniter.php(355): CodeIgniter\CodeIgniter->handleRequest(null, Object(Config\Cache), false)
 4 SYSTEMPATH\Boot.php(325): CodeIgniter\CodeIgniter->run()
 5 SYSTEMPATH\Boot.php(67): CodeIgniter\Boot::runCodeIgniter(Object(CodeIgniter\CodeIgniter))
 6 FCPATH\index.php(57): CodeIgniter\Boot::bootWeb(Object(Config\Paths))
 7 SYSTEMPATH\rewrite.php(44): require_once('C:\\laragon\\www\\dealsmandi\\public\\index.php')
CRITICAL - 2024-10-18 18:12:09 --> Error: Object of class stdClass could not be converted to string
[Method: GET, Route: /]
in APPPATH\Controllers\Home.php on line 18.
 1 SYSTEMPATH\CodeIgniter.php(933): App\Controllers\Home->index()
 2 SYSTEMPATH\CodeIgniter.php(509): CodeIgniter\CodeIgniter->runController(Object(App\Controllers\Home))
 3 SYSTEMPATH\CodeIgniter.php(355): CodeIgniter\CodeIgniter->handleRequest(null, Object(Config\Cache), false)
 4 SYSTEMPATH\Boot.php(325): CodeIgniter\CodeIgniter->run()
 5 SYSTEMPATH\Boot.php(67): CodeIgniter\Boot::runCodeIgniter(Object(CodeIgniter\CodeIgniter))
 6 FCPATH\index.php(57): CodeIgniter\Boot::bootWeb(Object(Config\Paths))
 7 SYSTEMPATH\rewrite.php(44): require_once('C:\\laragon\\www\\dealsmandi\\public\\index.php')
CRITICAL - 2024-10-18 18:12:52 --> Error: Cannot use object of type stdClass as array
[Method: GET, Route: /]
in APPPATH\Controllers\Home.php on line 18.
 1 SYSTEMPATH\CodeIgniter.php(933): App\Controllers\Home->index()
 2 SYSTEMPATH\CodeIgniter.php(509): CodeIgniter\CodeIgniter->runController(Object(App\Controllers\Home))
 3 SYSTEMPATH\CodeIgniter.php(355): CodeIgniter\CodeIgniter->handleRequest(null, Object(Config\Cache), false)
 4 SYSTEMPATH\Boot.php(325): CodeIgniter\CodeIgniter->run()
 5 SYSTEMPATH\Boot.php(67): CodeIgniter\Boot::runCodeIgniter(Object(CodeIgniter\CodeIgniter))
 6 FCPATH\index.php(57): CodeIgniter\Boot::bootWeb(Object(Config\Paths))
 7 SYSTEMPATH\rewrite.php(44): require_once('C:\\laragon\\www\\dealsmandi\\public\\index.php')
CRITICAL - 2024-10-18 18:14:41 --> Error: Cannot use object of type stdClass as array
[Method: GET, Route: post]
in APPPATH\Views\category\post-list.php on line 8.
 1 SYSTEMPATH\View\View.php(234): include()
 2 SYSTEMPATH\View\View.php(237): CodeIgniter\View\View->CodeIgniter\View\{closure}()
 3 SYSTEMPATH\Common.php(1171): CodeIgniter\View\View->render('category/post-list', [], true)
 4 APPPATH\Controllers\CategoryController.php(22): view('category/post-list', [...])
 5 SYSTEMPATH\CodeIgniter.php(933): App\Controllers\CategoryController->index()
 6 SYSTEMPATH\CodeIgniter.php(509): CodeIgniter\CodeIgniter->runController(Object(App\Controllers\CategoryController))
 7 SYSTEMPATH\CodeIgniter.php(355): CodeIgniter\CodeIgniter->handleRequest(null, Object(Config\Cache), false)
 8 SYSTEMPATH\Boot.php(325): CodeIgniter\CodeIgniter->run()
 9 SYSTEMPATH\Boot.php(67): CodeIgniter\Boot::runCodeIgniter(Object(CodeIgniter\CodeIgniter))
10 FCPATH\index.php(57): CodeIgniter\Boot::bootWeb(Object(Config\Paths))
11 SYSTEMPATH\rewrite.php(44): require_once('C:\\laragon\\www\\dealsmandi\\public\\index.php')
CRITICAL - 2024-10-18 18:27:43 --> ArgumentCountError: Too few arguments to function App\Controllers\CategoryController::__construct(), 0 passed in C:\laragon\www\dealsmandi\system\CodeIgniter.php on line 903 and exactly 1 expected
[Method: GET, Route: post]
in APPPATH\Controllers\CategoryController.php on line 14.
 1 SYSTEMPATH\CodeIgniter.php(903): App\Controllers\CategoryController->__construct()
 2 SYSTEMPATH\CodeIgniter.php(500): CodeIgniter\CodeIgniter->createController()
 3 SYSTEMPATH\CodeIgniter.php(355): CodeIgniter\CodeIgniter->handleRequest(null, Object(Config\Cache), false)
 4 SYSTEMPATH\Boot.php(325): CodeIgniter\CodeIgniter->run()
 5 SYSTEMPATH\Boot.php(67): CodeIgniter\Boot::runCodeIgniter(Object(CodeIgniter\CodeIgniter))
 6 FCPATH\index.php(57): CodeIgniter\Boot::bootWeb(Object(Config\Paths))
 7 SYSTEMPATH\rewrite.php(44): require_once('C:\\laragon\\www\\dealsmandi\\public\\index.php')
ERROR - 2024-10-18 18:33:41 --> mysqli_sql_exception: Unknown column 'main_cat' in 'where clause' in C:\laragon\www\dealsmandi\system\Database\MySQLi\Connection.php:312
Stack trace:
#0 C:\laragon\www\dealsmandi\system\Database\MySQLi\Connection.php(312): mysqli->query('SELECT * FROM c...', 0)
#1 C:\laragon\www\dealsmandi\system\Database\BaseConnection.php(734): CodeIgniter\Database\MySQLi\Connection->execute('SELECT * FROM c...')
#2 C:\laragon\www\dealsmandi\system\Database\BaseConnection.php(648): CodeIgniter\Database\BaseConnection->simpleQuery('SELECT * FROM c...')
#3 C:\laragon\www\dealsmandi\app\Models\MainModel.php(158): CodeIgniter\Database\BaseConnection->query('SELECT * FROM c...')
#4 C:\laragon\www\dealsmandi\app\Controllers\CategoryController.php(30): App\Models\MainModel->list_sub_cat('12')
#5 C:\laragon\www\dealsmandi\system\CodeIgniter.php(933): App\Controllers\CategoryController->show('12')
#6 C:\laragon\www\dealsmandi\system\CodeIgniter.php(509): CodeIgniter\CodeIgniter->runController(Object(App\Controllers\CategoryController))
#7 C:\laragon\www\dealsmandi\system\CodeIgniter.php(355): CodeIgniter\CodeIgniter->handleRequest(NULL, Object(Config\Cache), false)
#8 C:\laragon\www\dealsmandi\system\Boot.php(325): CodeIgniter\CodeIgniter->run()
#9 C:\laragon\www\dealsmandi\system\Boot.php(67): CodeIgniter\Boot::runCodeIgniter(Object(CodeIgniter\CodeIgniter))
#10 C:\laragon\www\dealsmandi\index.php(56): CodeIgniter\Boot::bootWeb(Object(Config\Paths))
#11 {main}
CRITICAL - 2024-10-18 18:33:41 --> CodeIgniter\Database\Exceptions\DatabaseException: Unknown column 'main_cat' in 'where clause'
[Method: GET, Route: post/12]
in SYSTEMPATH\Database\BaseConnection.php on line 688.
 1 APPPATH\Models\MainModel.php(158): CodeIgniter\Database\BaseConnection->query('SELECT * FROM categories where main_cat= 12')
 2 APPPATH\Controllers\CategoryController.php(30): App\Models\MainModel->list_sub_cat('12')
 3 SYSTEMPATH\CodeIgniter.php(933): App\Controllers\CategoryController->show('12')
 4 SYSTEMPATH\CodeIgniter.php(509): CodeIgniter\CodeIgniter->runController(Object(App\Controllers\CategoryController))
 5 SYSTEMPATH\CodeIgniter.php(355): CodeIgniter\CodeIgniter->handleRequest(null, Object(Config\Cache), false)
 6 SYSTEMPATH\Boot.php(325): CodeIgniter\CodeIgniter->run()
 7 SYSTEMPATH\Boot.php(67): CodeIgniter\Boot::runCodeIgniter(Object(CodeIgniter\CodeIgniter))
 8 FCPATH\index.php(56): CodeIgniter\Boot::bootWeb(Object(Config\Paths))
CRITICAL - 2024-10-18 18:33:41 --> [Caused by] CodeIgniter\Database\Exceptions\DatabaseException: Unknown column 'main_cat' in 'where clause'
in SYSTEMPATH\Database\MySQLi\Connection.php on line 317.
 1 SYSTEMPATH\Database\BaseConnection.php(734): CodeIgniter\Database\MySQLi\Connection->execute('SELECT * FROM categories where main_cat= 12')
 2 SYSTEMPATH\Database\BaseConnection.php(648): CodeIgniter\Database\BaseConnection->simpleQuery('SELECT * FROM categories where main_cat= 12')
 3 APPPATH\Models\MainModel.php(158): CodeIgniter\Database\BaseConnection->query('SELECT * FROM categories where main_cat= 12')
 4 APPPATH\Controllers\CategoryController.php(30): App\Models\MainModel->list_sub_cat('12')
 5 SYSTEMPATH\CodeIgniter.php(933): App\Controllers\CategoryController->show('12')
 6 SYSTEMPATH\CodeIgniter.php(509): CodeIgniter\CodeIgniter->runController(Object(App\Controllers\CategoryController))
 7 SYSTEMPATH\CodeIgniter.php(355): CodeIgniter\CodeIgniter->handleRequest(null, Object(Config\Cache), false)
 8 SYSTEMPATH\Boot.php(325): CodeIgniter\CodeIgniter->run()
 9 SYSTEMPATH\Boot.php(67): CodeIgniter\Boot::runCodeIgniter(Object(CodeIgniter\CodeIgniter))
10 FCPATH\index.php(56): CodeIgniter\Boot::bootWeb(Object(Config\Paths))
CRITICAL - 2024-10-18 18:33:41 --> [Caused by] mysqli_sql_exception: Unknown column 'main_cat' in 'where clause'
in SYSTEMPATH\Database\MySQLi\Connection.php on line 312.
 1 SYSTEMPATH\Database\MySQLi\Connection.php(312): mysqli->query('SELECT * FROM categories where main_cat= 12', 0)
 2 SYSTEMPATH\Database\BaseConnection.php(734): CodeIgniter\Database\MySQLi\Connection->execute('SELECT * FROM categories where main_cat= 12')
 3 SYSTEMPATH\Database\BaseConnection.php(648): CodeIgniter\Database\BaseConnection->simpleQuery('SELECT * FROM categories where main_cat= 12')
 4 APPPATH\Models\MainModel.php(158): CodeIgniter\Database\BaseConnection->query('SELECT * FROM categories where main_cat= 12')
 5 APPPATH\Controllers\CategoryController.php(30): App\Models\MainModel->list_sub_cat('12')
 6 SYSTEMPATH\CodeIgniter.php(933): App\Controllers\CategoryController->show('12')
 7 SYSTEMPATH\CodeIgniter.php(509): CodeIgniter\CodeIgniter->runController(Object(App\Controllers\CategoryController))
 8 SYSTEMPATH\CodeIgniter.php(355): CodeIgniter\CodeIgniter->handleRequest(null, Object(Config\Cache), false)
 9 SYSTEMPATH\Boot.php(325): CodeIgniter\CodeIgniter->run()
10 SYSTEMPATH\Boot.php(67): CodeIgniter\Boot::runCodeIgniter(Object(CodeIgniter\CodeIgniter))
11 FCPATH\index.php(56): CodeIgniter\Boot::bootWeb(Object(Config\Paths))
ERROR - 2024-10-18 18:33:54 --> mysqli_sql_exception: Unknown column 'main_cat' in 'where clause' in C:\laragon\www\dealsmandi\system\Database\MySQLi\Connection.php:312
Stack trace:
#0 C:\laragon\www\dealsmandi\system\Database\MySQLi\Connection.php(312): mysqli->query('SELECT * FROM c...', 0)
#1 C:\laragon\www\dealsmandi\system\Database\BaseConnection.php(734): CodeIgniter\Database\MySQLi\Connection->execute('SELECT * FROM c...')
#2 C:\laragon\www\dealsmandi\system\Database\BaseConnection.php(648): CodeIgniter\Database\BaseConnection->simpleQuery('SELECT * FROM c...')
#3 C:\laragon\www\dealsmandi\app\Models\MainModel.php(158): CodeIgniter\Database\BaseConnection->query('SELECT * FROM c...')
#4 C:\laragon\www\dealsmandi\app\Controllers\CategoryController.php(30): App\Models\MainModel->list_sub_cat('12')
#5 C:\laragon\www\dealsmandi\system\CodeIgniter.php(933): App\Controllers\CategoryController->show('12')
#6 C:\laragon\www\dealsmandi\system\CodeIgniter.php(509): CodeIgniter\CodeIgniter->runController(Object(App\Controllers\CategoryController))
#7 C:\laragon\www\dealsmandi\system\CodeIgniter.php(355): CodeIgniter\CodeIgniter->handleRequest(NULL, Object(Config\Cache), false)
#8 C:\laragon\www\dealsmandi\system\Boot.php(325): CodeIgniter\CodeIgniter->run()
#9 C:\laragon\www\dealsmandi\system\Boot.php(67): CodeIgniter\Boot::runCodeIgniter(Object(CodeIgniter\CodeIgniter))
#10 C:\laragon\www\dealsmandi\index.php(56): CodeIgniter\Boot::bootWeb(Object(Config\Paths))
#11 {main}
CRITICAL - 2024-10-18 18:33:54 --> CodeIgniter\Database\Exceptions\DatabaseException: Unknown column 'main_cat' in 'where clause'
[Method: GET, Route: post/12]
in SYSTEMPATH\Database\BaseConnection.php on line 688.
 1 APPPATH\Models\MainModel.php(158): CodeIgniter\Database\BaseConnection->query('SELECT * FROM categories where main_cat= 12')
 2 APPPATH\Controllers\CategoryController.php(30): App\Models\MainModel->list_sub_cat('12')
 3 SYSTEMPATH\CodeIgniter.php(933): App\Controllers\CategoryController->show('12')
 4 SYSTEMPATH\CodeIgniter.php(509): CodeIgniter\CodeIgniter->runController(Object(App\Controllers\CategoryController))
 5 SYSTEMPATH\CodeIgniter.php(355): CodeIgniter\CodeIgniter->handleRequest(null, Object(Config\Cache), false)
 6 SYSTEMPATH\Boot.php(325): CodeIgniter\CodeIgniter->run()
 7 SYSTEMPATH\Boot.php(67): CodeIgniter\Boot::runCodeIgniter(Object(CodeIgniter\CodeIgniter))
 8 FCPATH\index.php(56): CodeIgniter\Boot::bootWeb(Object(Config\Paths))
CRITICAL - 2024-10-18 18:33:54 --> [Caused by] CodeIgniter\Database\Exceptions\DatabaseException: Unknown column 'main_cat' in 'where clause'
in SYSTEMPATH\Database\MySQLi\Connection.php on line 317.
 1 SYSTEMPATH\Database\BaseConnection.php(734): CodeIgniter\Database\MySQLi\Connection->execute('SELECT * FROM categories where main_cat= 12')
 2 SYSTEMPATH\Database\BaseConnection.php(648): CodeIgniter\Database\BaseConnection->simpleQuery('SELECT * FROM categories where main_cat= 12')
 3 APPPATH\Models\MainModel.php(158): CodeIgniter\Database\BaseConnection->query('SELECT * FROM categories where main_cat= 12')
 4 APPPATH\Controllers\CategoryController.php(30): App\Models\MainModel->list_sub_cat('12')
 5 SYSTEMPATH\CodeIgniter.php(933): App\Controllers\CategoryController->show('12')
 6 SYSTEMPATH\CodeIgniter.php(509): CodeIgniter\CodeIgniter->runController(Object(App\Controllers\CategoryController))
 7 SYSTEMPATH\CodeIgniter.php(355): CodeIgniter\CodeIgniter->handleRequest(null, Object(Config\Cache), false)
 8 SYSTEMPATH\Boot.php(325): CodeIgniter\CodeIgniter->run()
 9 SYSTEMPATH\Boot.php(67): CodeIgniter\Boot::runCodeIgniter(Object(CodeIgniter\CodeIgniter))
10 FCPATH\index.php(56): CodeIgniter\Boot::bootWeb(Object(Config\Paths))
CRITICAL - 2024-10-18 18:33:54 --> [Caused by] mysqli_sql_exception: Unknown column 'main_cat' in 'where clause'
in SYSTEMPATH\Database\MySQLi\Connection.php on line 312.
 1 SYSTEMPATH\Database\MySQLi\Connection.php(312): mysqli->query('SELECT * FROM categories where main_cat= 12', 0)
 2 SYSTEMPATH\Database\BaseConnection.php(734): CodeIgniter\Database\MySQLi\Connection->execute('SELECT * FROM categories where main_cat= 12')
 3 SYSTEMPATH\Database\BaseConnection.php(648): CodeIgniter\Database\BaseConnection->simpleQuery('SELECT * FROM categories where main_cat= 12')
 4 APPPATH\Models\MainModel.php(158): CodeIgniter\Database\BaseConnection->query('SELECT * FROM categories where main_cat= 12')
 5 APPPATH\Controllers\CategoryController.php(30): App\Models\MainModel->list_sub_cat('12')
 6 SYSTEMPATH\CodeIgniter.php(933): App\Controllers\CategoryController->show('12')
 7 SYSTEMPATH\CodeIgniter.php(509): CodeIgniter\CodeIgniter->runController(Object(App\Controllers\CategoryController))
 8 SYSTEMPATH\CodeIgniter.php(355): CodeIgniter\CodeIgniter->handleRequest(null, Object(Config\Cache), false)
 9 SYSTEMPATH\Boot.php(325): CodeIgniter\CodeIgniter->run()
10 SYSTEMPATH\Boot.php(67): CodeIgniter\Boot::runCodeIgniter(Object(CodeIgniter\CodeIgniter))
11 FCPATH\index.php(56): CodeIgniter\Boot::bootWeb(Object(Config\Paths))
CRITICAL - 2024-10-18 19:12:40 --> ErrorException: Undefined variable $categoryList
[Method: GET, Route: post/8]
in APPPATH\Views\category\sub-post.php on line 9.
 1 APPPATH\Views\category\sub-post.php(9): CodeIgniter\Debug\Exceptions->errorHandler(2, 'Undefined variable $categoryList', 'C:\\laragon\\www\\dealsmandi\\app\\Views\\category\\sub-post.php', 9)
 2 SYSTEMPATH\View\View.php(234): include('C:\\laragon\\www\\dealsmandi\\app\\Views\\category\\sub-post.php')
 3 SYSTEMPATH\View\View.php(237): CodeIgniter\View\View->CodeIgniter\View\{closure}()
 4 SYSTEMPATH\Common.php(1171): CodeIgniter\View\View->render('category/sub-post', [], true)
 5 APPPATH\Controllers\CategoryController.php(33): view('category/sub-post', [...])
 6 SYSTEMPATH\CodeIgniter.php(933): App\Controllers\CategoryController->show('8')
 7 SYSTEMPATH\CodeIgniter.php(509): CodeIgniter\CodeIgniter->runController(Object(App\Controllers\CategoryController))
 8 SYSTEMPATH\CodeIgniter.php(355): CodeIgniter\CodeIgniter->handleRequest(null, Object(Config\Cache), false)
 9 SYSTEMPATH\Boot.php(325): CodeIgniter\CodeIgniter->run()
10 SYSTEMPATH\Boot.php(67): CodeIgniter\Boot::runCodeIgniter(Object(CodeIgniter\CodeIgniter))
11 FCPATH\index.php(56): CodeIgniter\Boot::bootWeb(Object(Config\Paths))
